0.9790131071091127
0.32553502840532433
0.16884250760154934
0.13278776425884545
0.07157338524450793
0.06758647126715912
0.059241677809023514
0.057139538094149796
0.04548202751459801
0.038293074775308855
0.03817488086763419
0.03813967139838743
0.03808760619587754
0.037918117012452165
0.03766850956940658
0.03684799677052465
0.032976271679634475
0.031795566624714465
0.03171323233665441
0.03013458519078301
0.030063263097342096
0.029436317788154382
0.02829997799387129
0.02821848557685786
0.027232078509216304
0.027144056129076728
0.0242729123478528
0.024218670578471074
0.02178688725945011
0.02084475066273867
0.020183441166887736
0.01983930119881227
0.01925580833278268
0.019063532512045022
0.01864931164916635
0.01500285334172322
0.014986333236646544
0.014938027137704125
0.014917530704732578
0.014475383665206114
0.014446501606112654
0.014137899303306651
0.013789792188463901
0.01349300766509799
0.013226908529192337
0.012714982098700537
0.011915638673108367
0.011240624439339599
0.011123379285808975
0.010145672071381234
0.010122613388881133
0.010103501122842275
0.009984224667207314
0.009984145254743448
0.008217877722288536
0.008217663348275612
0.007932207093756645
0.0066297328192923876
0.006629732081170183
0.005699649185663249
0.005522824189691958
0.005521235413362652
0.005520813391979305
0.005477332241585416
0.00528988111168871
0.00528988111168871
0.0049934156018884065
0.004956036581625533
0.0049303289002281545
0.004878511194344717
0.00480057295497505
0.004739902350778868
0.004690105436394926
0.004342165368530399
0.00433217228583832
0.004281123186545634
0.003952554335977123
0.0039402289836132105
0.003911305238989939
0.00388086953524843
0.0038785094488762877
0.003832311417911567
0.003812769680092356
0.003795411455239121
0.0036370296502441315
0.0036193553823819346
0.0035962737534128526
0.0035293386201680453
0.0035291443170300286
0.00339002504429913
0.0033899727427199326
0.0033185569937057803
0.0033185556050996058
0.0031886331851419623
0.0031884948203531474
0.003161765039750628
0.0031140691373104257
0.003068271395599244
0.0030445498626464782
0.003034034592610609
0.0030242600117127314
0.0029743822982735996
0.0029395315740336375
0.002938345879712846
0.002921346755620868
0.0028301832566168215
0.002794217367658519
0.0027940460734879515
0.0027480467994132254
0.002683370289793852
0.0026329259649479748
0.0026282678536277515
0.002618111604753923
0.002583045718686994
0.0025828944665099354
0.002334627021452471
0.002296634969049437
0.0022966348156279654
0.0022783929684075874
0.002259342105966559
0.002241948050440012
0.002238846470341224
0.0022054763304137736
0.0021860775034098566
0.0021650950555582647
0.0020698583936583277
0.0020698486224482735
0.002060359339161113
0.002058178889207833
0.002054989791076557
0.0020275239941830543
0.002001177114000509
0.002001167167056167
0.0019681898734417273
0.0019681898734417273
0.0019086792233792504
0.0018930023373082833
0.001869579184744523
0.0017234107050718658
0.0017234016289309243
0.001409519180941008
0.0014050521698538716
0.0014005375864144676
0.0013533278961837183
0.0013490752565701628
0.0013447734343226686
0.0012996006239726725
0.0012972377160772788
0.001294937424938757
0.0012526805797897923
0.0012504543442740262
0.0012482904351959316
0.0011091228423681172
0.0011091228423681172
0.0010672530535389669
0.0010672530535389669
0.0010203123969941199
0.0010192469991312358
0.0010166824100368156
0.0010155111925490687
0.0010119106384026172
0.0010094864840713956
0.0009032746628376471
0.0009032630888479764
0.0009032503953063464
0.0008994006197480775
0.0008993188065216843
0.0008991511960082843
0.0008823086089335653
0.0008822809472560513
0.0008822523314661346
0.0008403482137167946
0.0008403482137167946
0.000800030527837673
0.000800030527837673
0.0007892858445836825
0.0007892438746324046
0.0007892019113756197
0.0007420600274484623
0.0007420600274484623
0.0007146474279231599
0.0007146474279231599
0.0007028127956564639
0.00070264411012264
0.0007024210235958353
0.0006354675283614397
0.0006354533586070887
0.0006354391898005736
0.0006208314396157428
0.0006208314396157428
0.0006107501325411989
0.0006107365717705531
0.0006107230119031553
0.0005730458069042339
0.0005730408020447365
0.000573035797316371
0.0005644165030617725
0.0005644165030617725
0.0005345494908519516
0.0005345237635457654
0.0005344775411038187
0.0004956024247676673
0.0004956008830370091
0.000495599341320739
0.0004933242778617388
0.0004933242778617388
0.00043948783598723204
0.00043948783598723204
0.0004112316733151366
0.0004112302640662883
0.0004112262125565512
0.0003722954165947417
0.0003722954165947417
