1.0554442028391193
0.38652781557645327
0.245557531261445
0.21444179821806755
0.17018886574711647
0.15569332245505782
0.1542801151331576
0.15272229563546164
0.10730416546911944
0.1071446614212898
0.1059783622194062
0.10484093098413297
0.09602495797359953
0.08408213708915899
0.08289173494556402
0.08250538031641412
0.07732983347955584
0.06908876791332082
0.06874463641620812
0.0682272107571356
0.055772349834939255
0.04760059898965692
0.04387364413734223
0.043561789808891895
0.039500790756721915
0.038194914344676284
0.036520063044471265
0.03634734051385354
0.03468417399369254
0.033060399837260224
0.03208213559222129
0.031540596637997874
0.029861614628266933
0.028501564773122177
0.028094730418587562
0.028014366747269107
0.02685618082483182
0.026094859186817053
0.024834359833610896
0.024205382396051352
0.023787761084307274
0.023335784022441852
0.02291985572945192
0.022671696491078207
0.02029218594471026
0.019948043426032284
0.01942276618229141
0.01853373615182349
0.018375563474756232
0.018096247004989734
0.017528552300907944
0.01727243893063219
0.01709492906583891
0.017051161586772976
0.016831547398297605
0.016603033117630908
0.01653322696823958
0.016402047455490537
0.015830545797416048
0.015437745820327163
0.015314182477861538
0.014951313726783181
0.014310609037585378
0.013745026665209105
0.01374376391223205
0.013525406437561267
0.012744952475745681
0.012601654235254892
0.011978909595576395
0.011682656513912973
0.011517358838122813
0.011154654535308735
0.010408783621849028
0.01009768680667846
0.010068373346290859
0.00974790851270746
0.009684917505191487
0.009635169104433468
0.009595466704002235
0.009553601720014732
0.009103983515036962
0.008678463374102581
0.008656179993993578
0.008521225121578553
0.008374418825818512
0.008194531880955588
0.008169727986388275
0.007958905054774425
0.007846871176401104
0.007749495110308314
0.007726643682834694
0.0075148203699861825
0.007511367799353224
0.007342204646995245
0.007119395873564114
0.00689191401148642
0.006820595838948876
0.0066710010425739255
0.006537878543032546
0.006331226904923344
0.006242470477358459
0.006150248316586689
0.006146992211971382
0.0059272590025578695
0.0058878315499112195
0.00586932203081674
0.005857880669697055
0.00584900823404349
0.005833680464510694
0.005816208605371424
0.005723984103596139
0.005666057639482684
0.005646790244995606
0.005622058313520707
0.005602840492228631
0.005539280646563148
0.005230525798031996
0.0051647971090617575
0.005146025384967946
0.00506848277444327
0.005058123707195239
0.004982907307721346
0.0049484670103996705
0.004851261531020892
0.004496184157144418
0.004496184157144418
0.004496184157144418
0.004496184157144418
0.004427141446170009
0.004401840044157254
0.004369653767420674
0.0043471821897829895
0.00432244118076615
0.00427001652141065
0.004045767672372062
0.0040214150537246415
0.0039604643786834955
0.003857623491685102
0.00384602632913762
0.003834339633749839
0.0037812420154686357
0.003779122532960575
0.0037603557016546428
0.0037087274878603443
0.0037047372973491276
0.0036899512922018243
0.003652649886495377
0.003626047112279217
0.0035855997615295235
0.0035557551180766945
0.0035451377181055462
0.003471554834478033
0.003464148543227821
0.003416206751801549
0.0033413395268663956
0.003336672366270203
0.003303883812021271
0.003295821977722678
0.0032774258910870414
0.003274701010440562
0.003271091536987587
0.003267839980098642
0.0032067077896983567
0.0032067048663143
0.0031981134579378715
0.003131759490118658
0.003113403856376223
0.0030901959423488426
0.0030643352241576777
0.0030421943382117696
0.003015467582427161
0.0030096353834157545
0.0030069583259659818
0.002970492642513456
0.002951072772574748
0.0029370005315458958
0.0029298706475090193
0.0029229493014199777
0.002915176167053243
0.0028849144147569993
0.0028695456867006337
0.002862143484677905
0.0028482488453686053
0.0027962559741163294
0.002789044118630995
0.002756963838179988
0.0027430414174119647
0.0027386929168645904
0.0027212185935856
0.002720041300889164
0.002715471111460052
0.0026926494029163323
0.0026596971237668283
0.0026589220652388874
0.002647400870580004
0.002638281995107336
0.002628443777256727
0.002623977080584209
0.0026051931670058428
0.0025980054636586497
0.002595850757764466
0.0025957995838586626
0.0025956925936528657
0.0025955211710920884
0.002580120989361768
0.0025421037854280095
0.0025313788903005277
0.0024938390546490803
0.0024897143852485736
0.0024719021484490285
0.002454098911217743
0.0024390714348706904
0.0024390640839479943
0.0023973096433203256
0.0023489188247835936
0.002312227614948792
0.0023081756735594565
0.002301770282610525
0.002268911171010793
0.0022667777468406503
0.002256188094796005
0.0022485881126876116
0.002247802469341125
0.0022447441755604584
0.0022177774009148102
0.0022137843636594926
0.002212188295729836
0.0022088252106806424
0.0022087420942091492
0.0022027623559914456
0.0021733866693878163
0.0021682517106737897
0.0021639700437048963
0.0021585290998189562
0.0021319644366988187
0.002110045916093474
0.002082634465277954
0.002080600219088698
0.0020753672749108114
0.00203481963249618
0.0020334825407217283
0.0020137517686190675
0.002010684464832727
0.0020016749551397587
0.001999306958854031
0.0019983640917222525
0.001997871746180781
0.001993500394677096
0.0019933936451429326
0.001973824292968973
0.0019732946785320804
0.001960483287922173
0.0019443000109288602
0.0019439286907305797
0.0019326767458726195
0.0019324984823629763
0.0018795411029227074
0.0018769362458495142
0.0018601301263488478
0.001852554147105565
0.001850122300818108
0.0018393317646506122
0.0018201590376933096
0.0018082527678003125
0.0018081209867776436
0.001806875732226133
0.00180681970021842
0.0018062357835086145
0.001804360928746309
0.0018042619831597
0.0017730635334131163
0.0017728856570078013
0.0017728800110144872
0.001748369958755775
0.0017482900926474247
0.0017471582545454947
0.0017463799563239553
0.001742419582032144
0.0017421027630635823
0.001711951258226005
0.0016915482433807164
0.001679997873032776
0.0016787088140043092
0.0016391868886633913
0.0016382772807590298
0.0016141616957232735
0.0015960207644446875
0.001594523474967262
0.0015945075580774122
0.0015690639577892848
0.0015678734972104746
0.0015642761296400147
0.0015580629911306333
0.0015545007022971307
0.001554360373681443
0.0015514297906323
0.001551046850531479
0.0015425286788267485
0.0015377329974702088
0.0015374019870136972
0.0015373476830439865
0.0015366808579601503
0.00152826300822012
0.0015271449139915478
0.0015154652151579244
0.001514998616446128
0.0015146640235802384
0.001468270820869117
0.0014676982794396766
0.0013998259120999116
0.0013997835309769164
0.001398368061949952
0.001396028337107645
0.001395896380797275
0.0013954477337522618
0.0013727854806806809
0.001370839743601885
0.0013573118017346662
0.0013562274522421916
0.0013562208175012783
0.001347710925863345
0.0013476681440762763
0.0013363099528709483
0.0013361670228900016
0.0013361349983598832
0.0013360736747904335
0.0013353812745657424
0.0013224948263757589
0.001322021674623312
0.0013218692382535742
0.0013216399515817983
0.0012933436342493895
0.0012932474706445647
0.0012921973699689733
0.0012921921778120545
0.001284965963804578
0.0012846865956944954
0.0012530915675935713
0.001253003607098341
0.0012497776095649578
0.0012496977605823848
0.0012352505255276507
0.0012351817820272532
0.0012265641217867284
0.0012220268963002926
0.0012217611857870895
0.0012188243084457267
0.001217174528054738
0.0012126337221142372
0.0012125806534026258
0.0012025249353118106
0.0012018104593167548
0.0011908691677646284
0.0011908691677646284
0.0011908253215306768
0.0011908244660425755
0.0011880644515080748
0.0011880644515080748
0.0011854958998921133
0.0011848014318204018
0.0011794006271082212
0.0011747857354572938
0.0011729644535578697
0.0011623088811657126
0.0011622545927515609
0.0011554430687178057
0.0011553543813488476
0.0011527831490725099
0.0011526933269411545
0.0011520949842646446
0.0011509626845217305
0.0011402860785299253
0.0011340741498448053
0.0011337089327655954
0.00113293148420296
0.0011257549673674625
0.0011249173059525704
0.0011240110019392208
0.0011239912184371266
0.0011066479832326857
0.0010985330060141445
0.001098478778466861
0.0010971185024313279
0.0010891287075188358
0.0010890838772202225
0.0010849087817819544
0.001084827925941981
0.0010827070822434367
0.0010825757757368477
0.001080926068196647
0.001080926068196647
0.0010781513299561137
0.0010779079259583824
0.0010748183549263166
0.0010748183549263166
0.0010644530796010236
0.0010643454050542006
0.0010643231105793747
0.0010642855490850772
0.0010642605102980983
0.001064250739543532
0.0010641133668021572
0.0010501601185578062
0.0010402147092157111
0.0010402129985725942
0.001036144291731902
0.0010193771069743316
0.0010106895160787287
0.0010106693801673115
0.0010078595828479926
0.0010078407824862222
0.0010075195237939367
0.001007474061808284
0.0010052469880254492
0.0010037803141961124
0.001003134834921367
0.0009946258343314699
0.000992438999219317
0.000992438999219317
0.0009790077591910894
0.0009789011756399506
0.0009786143928592807
0.0009785938586729835
0.0009742990973445363
0.0009731265862218594
0.0009705393817925496
0.0009692159002635575
0.0009534501774314302
0.0009534396391859209
0.0009526786268161498
0.0009512905743763775
0.0009510628904619347
0.0009510401201664957
0.0009447205915851948
0.0009447205915851948
0.0009445938603302189
0.000944590017550646
0.0009403441778239723
0.0009403441778239723
0.0009055059924515343
0.0009055054282489145
0.0009045282158285337
0.0009037268631592009
0.000903585646964689
0.0009034056479334266
0.0009032143709631709
0.000899703190889123
0.0008837911758436984
0.0008815209221623623
0.0008718275923375529
0.0008696106666884543
0.0008695637790767797
0.0008693827125426512
0.0008652188792906922
0.0008652188792906922
0.0008556709325891401
0.0008556676000338904
0.0008551032939434726
0.0008550987801942906
0.0008511639384471904
0.0008511460541569926
0.0008488698492038635
0.0008469256219904043
0.0008451872452227586
0.000838053013035377
0.0008357768862045452
0.0008354437625040246
0.0008256603626987906
0.0008256584379377423
0.0008253316376918043
0.0008253294304205911
0.0008241096724507179
0.0008232910880022241
0.0008204676232804238
0.0008200769457431812
0.0008088521690230947
0.0008080746294017027
0.0008050717843813171
0.0008049382563820736
0.0008025495920448588
0.0008025207878859769
0.0007921419433644561
0.0007912254865874977
0.0007912246082965947
0.0007911836455489529
0.0007911818265239354
0.0007875067671541178
0.0007868327361776147
0.0007834044876767751
0.0007774438176210026
0.0007760687195080819
0.000776047586501853
0.0007707927782468497
0.0007696710879664924
0.0007693748462206412
0.0007661234527212334
0.000764331114180658
0.0007636974925109867
0.0007634727320572807
0.0007604914026219137
0.0007604914026219137
0.0007599512514351082
0.0007579596147986726
0.0007579490812967033
0.0007531493106127404
0.0007531493106127404
0.0007433455686182371
0.0007433455686182371
0.0007342947171274787
0.0007204545522600362
0.0007203821940257427
0.0007199492581787789
0.0007190778115928693
0.00071538536462279
0.0007153627838490407
0.0007145246372486298
0.0007137594213135736
0.0007066392483289545
0.0006951564048525762
0.0006951562346689845
0.0006881058523214665
0.0006881013545409173
0.0006763127095285674
0.0006763126703496099
0.000669155889201813
0.0006690941938198933
0.0006687354014210346
0.0006680351760397762
0.0006650395690787907
0.0006650384142614717
0.0006646133289783249
0.0006645665234384823
0.0006619868835692043
0.0006619868835692043
0.0006580661678599773
0.0006580661678599773
0.0006580661678599773
0.0006580661678599773
0.0006549911774769779
0.0006549911774769779
0.0006490795895602865
0.0006490329770596804
0.0006487386430597455
0.0006481925611988218
0.0006443072070606697
0.0006443072070606697
0.0006438060920637954
0.0006437586466093342
0.000632604361776083
0.0006209478481263381
0.0006209478481263381
0.0006110134481501463
0.0006110134481501463
0.0005959240993881766
0.0005959240993881766
0.0005883521764107509
0.0005883521764107509
0.0005784128658844318
0.0005784128658844318
0.0005784128658844318
0.0005784128658844318
0.0005471391718340303
0.0005471389643888033
0.0005184172761995442
0.0005184172761995442
0.0005135644278151003
0.0005135644278151003
0.0004672518092983639
0.00046725168009820054
0.00045477643068514363
0.0004547761924346724
0.00043574494911570374
0.00043574494911570374
0.00043574494911570374
0.00043574494911570374
0.0004290004192375514
0.0004290003192414046
0.0004160105786303803
0.00041599061055368615
0.00040648006902274376
0.00040647998396225023
0.0003964495648182906
0.0003964495648182906
0.0003964495648182906
0.0003964495648182906
0.0003639940852775363
0.00036399402419836475
0.00036399402419836475
0.00036399396311922387
0.00035428455017538616
0.0003448859659468116
0.00034488591399068854
0.00034488591399068854
0.00034488586203458896
0.0003441487925744404
0.00032836393348629827
0.00032836384380406105
0.00030709833027379844
0.00030685297114906024
0.00030677838466697965
0.0003067782749672496
0.00030665782257345635
0.0003063977412485335
0.0003015962919443857
0.00030159528435384384
0.00030015283029048153
0.00029960308548378125
0.0002994801012047946
0.00029931575750573314
0.0002990885699019805
0.0002989765068756735
0.0002959980847811779
0.00029599795339893466
0.0002904259467408171
0.0002903097025800982
0.0002899091442876899
0.00028894891287776364
0.0002889106358479813
0.0002873415460051391
0.00028601373177898447
0.00028601373177898447
0.0002859690265495231
0.00028596887845570656
0.000256100702654915
0.00025468782561177856
0.0002439098082522622
0.0002439098082522622
0.00024374998505534464
0.00024374998505534464
0.00024373448763723545
0.00024373448763723545
0.00024353158858399638
0.00024352544249266986
0.00024336146262552913
0.00024336146262552913
0.00024334673272575366
0.00024334671447474892
0.00023043346191590553
0.00023043346191590553
0.00021651404319052853
0.00021651404319052853
0.00020764925047277885
0.00020764908037756383
0.00020715480838997316
0.0002071547183189644
0.0001929889605120849
0.00019246988773271583
0.0001919250683756313
0.0001852213626331999
0.0001852213626331999
0.0001818753880971234
0.0001818753880971234
0.00016908425044828327
0.00016714838292548255
0.00016714838292548255
0.00016159736609273014
0.00016159731264701584
0.0001588782869395815
0.00015801618501725683
0.00014882038339180257
0.00014870934263498485
0.0001412691020139702
0.0001412691020139702
0.00014100486452768934
0.00014100486452768934
0.00014100404787646478
0.00014100404787646478
0.00013666899766473113
0.00013588732934635478
0.00013505279647567085
0.00012577549477173257
0.00012577549477173257
0.00011930253046666243
0.00011692056312291922
0.0001169179315727578
0.00011182922176646945
0.00011182920405412405
0.00011135914105173545
0.00011135914105173545
0.0001113591235618171
0.0001113591235618171
