0.9165012564285688
0.3629490791254384
0.29232358948187265
0.16645475635298976
0.1259755540876916
0.11851807712770572
0.0829802342116839
0.06972575348958994
0.03618851078324398
0.036133899086764315
0.03590326539182657
0.035280592593928746
0.023222943613690258
0.02316168454231814
0.023111646278411554
0.02296205969383159
0.02147421967739542
0.019869843176013906
0.01876313493203494
0.017636369564507377
0.016278430551048027
0.015521927333827762
0.01482898663864959
0.01476427107193452
0.014089612633533654
0.013685229504362559
0.012803484563317438
0.012720426908378117
0.012681891072847373
0.012661363048794576
0.012573041124860577
0.012480727164474029
0.012438410665664005
0.012424954389948697
0.012359998095613374
0.012201562898664602
0.011853944153858117
0.011680607302078759
0.011499625460163854
0.011396565947837209
0.01112509837373576
0.010873378481405203
0.010215365059798647
0.009559201339885085
0.009523283914730896
0.009507732086976601
0.009496059521819658
0.008443493536264734
0.008008337076997472
0.008005108071868232
0.007998504270896
0.007993098189107898
0.006461478114201709
0.006460859098476618
0.006458676199856755
0.006454844925401995
0.006146353962672975
0.006109464320572221
0.006082974214280107
0.0060575716075355205
0.006030639307822484
0.0060080418103858136
0.005974764077760864
0.005967236303424478
0.005954983885830016
0.005916742828076448
0.005878315670871562
0.0058351267948992805
0.0058341959893621
0.005792962260066843
0.005764814767017751
0.0057324181449041845
0.001755232402934577
0.001755232402934577
0.0017346378286298239
0.0017346371675765525
0.0012069605061892767
0.001126833628043589
0.001126833628043589
0.0011236191235799431
0.0011236191235799431
0.0011236191235799431
0.0010910531093242036
0.0010910527803379582
0.0010639627758366134
0.0010639627758366134
0.00106241617491027
0.0010624160230325052
0.001052754827001746
0.001052754827001746
0.0010505690133073532
0.001050568572747407
0.0010347128925978855
0.0010347128925978855
0.0010326695418211155
0.0010326685655019936
0.001026255674180465
0.001026255674180465
0.0010226823866866645
0.0010226818448202388
0.0010111489154617523
0.0010111489154617523
0.0010085218967250372
0.001008521247140246
0.0010027483233295803
0.0010027483233295803
0.0010001395688030393
0.001000139188689706
0.0007424439111694246
0.0007424439111694246
0.0007424438593370421
0.0007424437556723097
0.0007358240182848559
0.0007358239173683854
0.0007358237155355688
0.0007358234632447819
0.0007258972136004724
0.0007258968744960987
0.000725896244732094
0.0007258956149697284
0.0007188989796105478
0.0007188988384429593
0.0007188985090522428
0.0007188982267177034
0.0007176659541942574
0.0007176658605659418
0.0007092514507876588
0.0007092508633608282
0.0007092500951894831
0.0007092492818343086
0.0007034895484372664
0.0007034888429282866
0.0007034879169509718
0.000703486902789537
0.0006998777408269656
0.0006998776105709034
0.0006947656525294334
0.0006466280499177759
0.0006420649068300711
0.0006385305748763809
0.0005618007134131659
0.0005617993659812977
0.0005617991414102623
0.000561798916839496
0.0005617986922689992
0.000561797793989705
0.0005617975694205546
0.0005617973448516735
0.0005601609041681718
0.0005601606815562638
0.0005601593458903892
0.0005601593458903892
