2.3055165522680974
1.753186825039083
0.7860222549145996
0.5855267836834377
0.45161465140517937
0.35268151796978753
0.31708579811864207
0.2533922966860093
0.24127396051715552
0.1986348645770842
0.19448522661117676
0.16413314531975215
0.16032974138003164
0.15376206417222682
0.14055351154602846
0.1397250450550354
0.1337095223307326
0.12354274495951714
0.11742509691270984
0.11079896167981398
0.1045143829144309
0.10247674829215264
0.10099201085540234
0.09330118349904908
0.09084541848761937
0.08719401603455738
0.08231150204952434
0.08142482192004259
0.07840432455771978
0.0752956763529351
0.07484855721934772
0.0736590008345229
0.07285855754806825
0.07100150275276328
0.06965946533682503
0.06878784741810454
0.06835875196994819
0.06745855227992271
0.062457820136081275
0.058117656642233506
0.05558845790859067
0.05285464067693943
0.051699085137884356
0.050932460549994986
0.04990280531225609
0.048416409328049234
0.0474164179450444
0.04397744164908271
0.03104640694783847
0.03088758424954873
0.030323356407611753
0.02912916863412032
0.02321349870939456
0.02314854435985733
0.023045511423982836
0.02300814814112526
0.022980462122258388
0.022923778820287868
0.022852191051997935
0.022780768178193255
0.022729483396726487
0.022640095381687115
0.02252581993970156
0.02240001309953155
0.022337213211658616
0.0222842809774345
0.022266544636507783
0.02209199282674902
0.02206009670200322
0.02189354343962109
0.021743617199438944
0.021617191299625308
0.021592011890175046
0.02139605735655443
0.021175792795972852
0.02094654855701006
0.017478178880612538
0.017457960723851695
0.017375345339054823
0.01715501115179607
0.014515501397783686
0.01444872069412756
0.014441463758233656
0.014410240184783344
0.014296850700886314
0.014131926116563682
0.013710721032617328
0.013621027626151352
0.013581248692468871
0.013462966385949578
0.013307040753526794
0.013221097665069216
0.013170716051776893
0.01308216443692112
0.013012408478670844
0.012999691265805084
0.012961729087850149
0.012924630733159649
0.012898533418600486
0.012870422081034815
0.012857023264928992
0.012839484908921948
0.012813051662386773
0.012798508574957894
0.012785253466892656
0.012766670439443156
0.012717114901442056
0.012614961151971636
0.012553194165171045
0.012390161796977554
0.012353125954912704
0.012352970771231655
0.012345006963000203
0.012290414756493288
0.012264489179962812
0.01219910421261434
0.012168284430548147
0.012136856930560706
0.012091234485577702
0.012088859780805289
0.012054127156685196
0.01201784518350337
0.011971349442193092
0.011950427249071109
0.011928287885772652
0.011904819912247856
0.011853003386903363
0.011832732298320476
0.011827703807567575
0.011814769959087826
0.011802913297830136
0.011780685530337436
0.011764899067434505
0.011749342287696807
0.011611783510656556
0.011333702500717725
0.011317803307333311
0.011253901444596285
0.011142660847668708
0.011059411279765464
0.01102818234198885
0.010877483831779087
0.010872523784998355
0.01085846735506318
0.010856961298752613
0.010824368068244421
0.010762609601846976
0.010728655011211813
0.010536396174250756
0.010513077301042438
0.010303332094440685
0.010274932194069067
0.010112312836167444
0.010058886926849834
0.009942862928069469
0.009882781391465085
0.009845475262198177
0.009816336343095877
0.009752122765784448
0.0097240773275636
0.00972245552517415
0.009721358096460502
0.00963306714596861
0.0095772107647997
0.009551765694535246
0.009547231507782335
0.009516028837537334
0.009512133898492085
0.009499609000253451
0.009466491901597027
0.009464766841267154
0.00942810631624106
0.009405940733986203
0.009403868313912796
0.009390188118376911
0.009368957931835755
0.00936701394523673
0.009345219655678217
0.00934089884343727
0.009332352372235432
0.00930296857634452
0.0093001249012877
0.009283076913081983
0.009275115475584532
0.009238129553500056
0.009226388258551817
0.009216201209267869
0.009181271131722991
0.009177620071609325
0.009158875191104882
0.00914636308390033
0.00911468091559817
0.009051140318756947
0.009036745185289092
0.008973637013475182
0.00896148227880676
0.008930503661146923
0.008914831929430232
0.008863756132206437
0.008856434993754119
0.008851447189347533
0.008804688756944842
0.008739372628234689
0.008729420952686922
0.008675749380277124
0.008537173751207374
0.008438813310644517
0.008414618177326444
0.008348411923673051
0.008255038594283094
0.008184919481915257
0.008171836545085711
0.00816839129295374
0.008167976471454147
0.00809972756393717
0.00798532169013031
0.007925126843243322
0.007921425099458016
0.007826763694717475
0.007821816386482192
0.00768967431113929
0.007681339883574147
0.007643890874988928
0.007626743701613172
0.007590485849480438
0.007576710674416848
0.0074991876330999085
0.00745310640835759
0.007450704992459551
0.007356791954282961
0.0073541907218236165
0.00730205564666775
0.007254157285357107
0.007218536174024163
0.007187242777873613
0.00717668435357972
0.007148501224304912
0.007141141158678657
0.007123391803253818
0.007088752995442472
0.007042187228359797
0.006971899683817371
0.006914607236142785
0.006836619725643094
0.006826408966190793
0.0068064410255254315
0.0068043832300428795
0.006793384693384816
0.006672470544592335
0.0066001309456188
0.006554315019821644
0.006541723873437105
0.0065393843392927125
0.006531587277849136
0.006526172935809302
0.006469929112213617
0.006446811822030271
0.006332261168838826
0.006329202604077598
0.006319643269966365
0.006311003355684504
0.006304391434438144
0.0062430189525585125
0.0061920315197706325
0.0061593995211263715
0.006153545014130853
0.0061443199510011785
0.006137319251725499
0.006023734472831891
0.00601886270569771
0.006010413604639936
0.00600337787960043
0.005949031233179993
0.005945016816025189
0.005937335679195297
0.005930011701698719
0.005858855971559566
0.005854899217972391
0.005847007169295643
0.005839769858290073
0.005677366422895311
0.00565703205216108
0.005484121288108584
0.005472470753251423
0.0054289353468753
0.005400329487425604
0.005390258714389488
0.005300230136865328
0.005290331113910806
0.005288578627726037
0.005277251168190282
0.005265550513750621
0.005246741845435953
0.005235784146114088
0.005230803112342335
0.005220514099465806
0.00521350950823315
0.0052015458203387545
0.005191812731485114
0.005175149222271054
0.005166637214554518
0.0051460374666001275
0.005138599231597785
0.00513045071889209
0.0051247886917321715
0.0051201140949264255
0.005112660597465067
0.0050845534030572416
0.005077068260766952
0.00506349012210934
0.0050615839028187665
0.005054821084239522
0.005051377995131212
0.005050224248423254
0.005045997885460408
0.0050402586549630445
0.005029085153836587
0.005023947719622365
0.005017555212266309
0.005012633241289578
0.005005190815661697
0.004998075540809672
0.004990305714280895
0.00498142405646409
0.004978647503599877
0.00496884714032474
0.004967874787197773
0.0049653487179742726
0.004959468994709539
0.004950226709982708
0.004940385193243027
0.0049343303490013935
0.0049299479560608265
0.0049123002106995425
0.004901780024651551
0.0049002368788903196
0.0048975670296677746
0.0048917362635700805
0.004878683254781971
0.004860221249621142
0.004852990448850132
0.004851445186002861
0.004830397795446165
0.004825931815849069
0.004812542897170232
0.004798606926777599
0.00479618352584397
0.00477361906035925
0.004768947270320852
0.004762467232342565
0.00475027279649559
0.0047471304009795295
0.004745351077577898
0.004730018984933748
0.004727526675659213
0.004702641834798719
0.004698414215192003
0.004677406939273993
0.00467003555270025
0.004658234877453477
0.002051915581578061
0.002051915581578061
0.0019036014083436974
0.0019035909246100586
0.0012069605061892767
0.0011236191235799431
0.0011236191235799431
0.0011236191235799431
0.0011236191235799431
0.0011236191235799431
0.0011236191235799431
0.0011236191235799431
0.0011236191235799431
0.0011236191235799431
0.0011236191235799431
0.0011236191235799431
0.0011236191235799431
0.0011236191235799431
0.0011236191235799431
0.0011236191235799431
0.0011236191235799431
0.0011236191235799431
0.0011236191235799431
0.0011236191235799431
0.0011228968417479465
0.0011228968417479465
0.0010968518330159523
0.0010968518330159523
0.0010657664327990185
0.0010657664327990185
0.0010283142683598387
0.0010283127534751405
0.0010044581010662742
0.0010044555340177645
0.001001742934029308
0.0010017428067144623
0.0009984916770320997
0.0009984916770320997
0.000987166445147418
0.000987166445147418
0.000984600229990035
0.0009846001091001438
0.0009769346339820579
0.0009769333350135997
0.0009763973036040816
0.00097639518152741
0.0009744623075834661
0.0009744621903894804
0.0009656893042128577
0.0009656867949652454
0.0009596799644687895
0.0009596799644687895
0.0009542953615173792
0.0009542916192478049
0.0009096534674879832
0.0009096534674879832
0.0009009680326324759
0.0009009680326324759
0.0008984999710686715
0.0008984993279930535
0.0008936639514790718
0.0008936639514790718
0.0008835935634702966
0.0008835927771312744
0.0008676390414322383
0.0008676390414322383
0.0008651147162813754
0.0008651140602556654
0.0008632184107947184
0.0008632180034687976
0.0008603857749716494
0.0008603857749716494
0.0008566239725433124
0.0008566233356444957
0.0008523377027204666
0.0008523377027204666
0.0008507912568195001
0.0008507903208539767
0.0008455921947914517
0.0008455921947914517
0.0008335444359242297
0.0008335444359242297
0.0008220552129786732
0.0008220552129786732
0.0008111405264524319
0.0008111405264524319
0.0008071370495290678
0.0008071370495290678
0.0008010468265877506
0.0008010468265877506
0.00080062121379919
0.00080062121379919
0.000795810001112491
0.0007958099372804996
0.0007906543998824706
0.0007906535860912024
0.0007905309201495432
0.0007905309201495432
0.0007894894377839931
0.0007894894377839931
0.0007790774269023316
0.0007790774269023316
0.0007780453062347371
0.0007780453062347371
0.0007710093811145604
0.0007710084523439755
0.0007684439703466682
0.0007684439703466682
0.0007594202370970514
0.0007594202370970514
0.000753288620693221
0.0007532877545021111
0.0007507660569872599
0.0007507660569872599
0.0007425089693665742
0.0007425089693665742
0.0007366406801797752
0.0007366398195318547
0.000733671365815635
0.000733671365815635
0.0007270717615220141
0.0007270715181268828
0.0007204002341890951
0.0007203994292185356
0.0007113053543194891
0.000711305126417405
0.0007057919907167197
0.0007057912337292906
0.0006971609560093637
0.0006971607414343042
0.0006947656525294334
0.0006921063556420468
0.0006921056418412485
0.0006837052797120108
0.0006837051582785961
0.0006792012432558512
0.0006792005289610254
0.0006692860138774676
0.0006692859759070407
0.0006669951509309422
0.0006669944744584492
0.0006573554651991693
0.0006573554292233191
0.0006545929078717291
0.000654592126341002
0.0006527836937985445
0.0006527836937985445
0.0006486504831335313
0.0006484387005483182
0.0006480923152871359
0.0006476210902592527
0.000647038124892134
0.0006463595453847757
0.0006461071224556081
0.0006461070541346765
0.0006456038100701186
0.0006447913967440423
0.0006446995417121528
0.0006446995417121528
0.0006439438920282606
0.0006430835855660614
0.0006422328239600769
0.0006414133684093147
0.0006406458561020875
0.0006399494259769968
0.0006393412678178845
0.0006388361878891967
0.0006384463790918143
0.0006381812186039511
0.0006380469528004852
0.0006371741234938602
0.0006371741234938602
0.0006355051998178958
0.0006355051348052978
0.0006255580906470227
0.0006255580906470227
0.0006250616931877815
0.0006250616931877815
0.0006218561991466483
0.0006218561991466483
0.0006163508522327114
0.0006163508522327114
0.000615826336911922
0.000615826336911922
0.000608989621457023
0.000608989621457023
0.0005677948246746255
0.0005677945928368022
0.0005677941291620073
0.0005677941291620073
0.0005677938973250358
0.0005677936654883484
0.000567793433651945
0.000567793433651945
0.0005677932018158256
0.0005677929699799901
0.0005677927381444386
0.000567792506309171
0.0005677718741076395
0.0005677714104885004
0.0005677711786793568
0.0005677707150619212
0.0005677704832536294
0.0005677697878304574
0.0005677695560233012
0.0005677688606035363
0.0005669470410776988
0.0005669468102768076
0.0005669463486758708
0.0005669461178758251
0.0005669461178758251
0.0005669458870760614
0.0005669456562765795
0.0005669454254773795
0.0005669454254773795
0.0005669451946784613
0.0005669447330814706
0.000566944502283398
0.0005666889510643161
0.0005666884900929295
0.000566688259607658
0.0005666877986379588
0.0005666877986379588
0.0005666873376693844
0.0005666871071855191
0.0005666866462186322
0.0005601279604925545
0.0005601279604925545
0.0005601248444998203
0.0005601246219309005
0.0005507306705028655
0.000550730458945667
0.0005417440966206071
0.0005417436938828551
0.0005334075357658688
0.0005334073435507813
0.0005318034606543358
0.0005318034606543358
0.0005318034606543358
0.0005318032701681387
0.0005318032701681387
0.0005318030796821463
0.0005277984702321242
0.000527798284017228
0.000527798097802529
0.0005277977253737221
0.0005277973529457037
0.0005277969805184737
0.0005265609683389195
0.0005265609683389195
0.0005236264121660363
0.0005236260484985751
0.0005236255029988041
0.0005236245938363075
0.00052362386650972
0.0005236233210167683
0.0005196944404091635
0.0005196944404091635
0.0005167358779114687
0.0005167358779114687
0.0005100337556742334
0.0005100335876365007
0.0005100335876365007
0.000510033419598934
0.0005092707312544882
0.0005092707312544882
0.0005081321730825999
0.0005081321730825999
0.0005081320069173765
0.0005081318407523162
0.0005081316745874187
0.0005081316745874187
0.0005062883513616213
0.0005062880226359308
0.0005062876939108808
0.0005062872008245062
0.0005045638303985263
0.0005045635050205242
0.0005045630169547015
0.0005045626915782731
0.000504562203514811
0.0005045618781399563
0.0005021814704512665
0.0005021806684754291
0.0005021797061094959
0.0005021790645352808
0.0005017638407968742
0.000501763520805751
0.0005017628808253409
0.0005017622408473798
0.0005017616008718675
0.0005017611208918402
0.0004885749014220907
0.0004885747537142566
0.0004885746060065565
0.0004885744582989904
0.0004850787305970399
0.0004850782969187945
0.0004850777186829435
0.0004850771404491603
0.0004823294832010114
0.00048232877262467357
0.00048232777782307673
0.00048232706725427605
0.00044942019887257137
0.00044942019887257137
0.00043083960954734074
0.00043083960954734074
0.00043083960954734074
0.00043083960954734074
0.0004308395082595763
0.0004308395082595763
0.00042842041977333094
0.00042842041977333094
0.00042842022059116637
0.00042842012100018827
0.00042842002140927967
0.00042841992181844046
0.0004255727732703773
0.00042557257803367175
0.0004255722851791171
0.00042557199232516715
0.00042557169947182174
0.00042557150423659396
0.00041756344823574266
0.00041756344823574266
0.00041756335602584295
0.00041756326381600433
0.00041756317160622676
0.00041756317160622676
0.0004150508142940808
0.000415050633183514
0.00041505045207318426
0.0004150502709630916
0.00041504999929839725
0.0004150499087436176
0.00041345166010594794
0.00041345166010594794
0.00041345166010594794
0.00041345157059331187
0.0004130651500045444
0.00041306488221922377
0.000413064614434424
0.0004130642573888344
0.00041306390034417066
0.000413063721822186
0.0004111475841411517
0.00041114740809229357
0.0004111472320436616
0.0004111471440194304
0.0004083874535589983
0.00040838710850514445
0.00040838667718905706
0.0004083863321371711
0.00040139816096633745
0.0004013980790564612
0.00040139799714663507
0.00040139791523685907
0.00039894486453646844
0.00039894470370218174
0.00039894438203419175
0.00039894406036697984
0.0003970320745824828
0.0003970317575187868
0.0003970312819246671
0.0003970308063322565
0.000376221239514315
