0.5593862658043103
0.2568587387244266
0.18002546448771745
0.08984233629187192
0.08965971069903886
0.0861467767512167
0.07658935853329665
0.07065737429275226
0.06743864309965689
0.06286659017324642
0.05630863005086063
0.04403326101676328
0.04304378570486642
0.03527946359618961
0.0324692517754681
0.029046681573483658
0.026201873835037248
0.02531991113474389
0.02428486811248481
0.023622538205652164
0.02054401692597942
0.02046640165205077
0.019629731047664408
0.018142938266816788
0.01757581452619155
0.01507621980911802
0.01501432008553792
0.014653689611747017
0.014598583687583457
0.014382996491025552
0.01325618737725467
0.012185430356070571
0.012105154940724889
0.011898209662408553
0.011261123680124127
0.01083083426636697
0.010029905275806356
0.009609826961740201
0.009061262181941207
0.008432717244543107
0.008035627843145017
0.008018686808159472
0.007657102042226227
0.007348303924375891
0.006536864761407843
0.006481716598644362
0.006166773136762378
0.006132607942063012
0.006056234840366966
0.005988368217032817
0.005884716400139919
0.0054021016262472046
0.005287245281630012
0.005274232750388913
0.005238485726874995
0.005081742181226466
0.005021978315970781
0.005009417277753552
0.004966752475991755
0.004913328918292113
0.00479378053544646
0.0042847381060955045
0.00421490232633346
0.004162184537597737
0.003911283261922836
0.0038032534251555903
0.003722263564523843
0.0036631978818920676
0.003411645659795441
0.003263278255947547
0.003237827181702202
0.003220564578919707
0.0031102995048955524
0.0030775873389076373
0.0029243438361146777
0.002906652303085603
0.0028960488138806135
0.0028571275428596844
0.0027998989292356076
0.002636496890004436
0.002626905355167928
0.002626410280272919
0.002610186324872857
0.0024395197830005557
0.0024296472799419655
0.002346832270916067
0.0023434739251445035
0.00231712144256858
0.002303717158047726
0.0022810198085975045
0.002273207311160462
0.00225487053196341
0.002249570785617552
0.0022479126601580883
0.0022399736947156133
0.002238580309884868
0.0022178898669973873
0.002173055445691241
0.0021713620482719173
0.0020679383727714284
0.002050339482522897
0.002041622047443823
0.0020214922768708047
0.0020117244860281412
0.0019968352022183855
0.001969663147808726
0.001962306694999913
0.0019592000174982593
0.001957788095094974
0.0018972314058520359
0.0018891881476386964
0.0018858308207548716
0.0018438564327686554
0.0018427823675826653
0.0017682186591389659
0.0017424571026993048
0.0017392784720774456
0.001714643662632227
0.0017146277014208863
0.0017023927034300296
0.0016974422917496897
0.0016890862868875348
0.0016748795997253991
0.0016616892709040894
0.0016614440959852523
0.0016418368194351647
0.0016412446578608715
0.0015649489623762464
0.0015629615931392511
0.0015185297167145287
0.0014843702874774221
0.0014843429493374496
0.0014556212345144968
0.0014547142800207672
0.0014179274825124144
0.0014119524674398385
0.0014061523510546083
0.0014049288770959585
0.0013975995242603205
0.001376324700611996
0.0013747911914546466
0.001357389716836861
0.001357384332028287
0.001316914221576508
0.001316708897677807
0.0012982488907836189
0.0012909391479703322
0.0012842764697969422
0.0012790656575489376
0.0012552555342920364
0.0012552024317876338
0.001252970720113043
0.0012529007193202311
0.0012420707590209037
0.0012419021248301157
0.001233601227033901
0.0012335144546187567
0.00121311549809929
0.0012131084887992516
0.0011866954312033618
0.0011865568216120359
0.0011658397798657413
0.0011580040556576246
0.0011519462701294482
0.0011497905907844176
0.0011468630551310117
0.0011342038517132885
0.001105237164400878
0.001105121249818314
0.0010904688057218018
0.0010840164886094866
0.0010837757016184356
0.0010836079068722202
0.0010835569874773582
0.0010826271997663437
0.001066701067757094
0.0010615198645456032
0.0010603151195814932
0.0010536768037496815
0.0010536698402737576
0.001051453452171828
0.0010506688878649994
0.0010468547623843963
0.0010461973125555518
0.001039153311181871
0.0010391517478871906
0.0010328048585407975
0.0010252520896749354
0.0010250238174164138
0.0010214565883340816
0.001021437421687713
0.0009958816416374217
0.0009958311078608997
0.0009483974964446738
0.00094839393117032
0.0009452007536364322
0.0009428262347566241
0.0009414785232666048
0.0009405425398382605
0.0009232001667983356
0.0009231929917418584
0.0009148279539362978
0.000914602102104063
0.0009062344104117865
0.0009060171227839748
0.0008914620168285609
0.0008914581586312446
0.0008893819318417906
0.0008865135886673198
0.0008864154818586595
0.0008856927726419555
0.000870213468469948
0.000867971283248186
0.0008677096957068748
0.0008644848813360392
0.0008644191838863398
0.0008616816094967099
0.0008550190490762901
0.000855018494916185
0.0008263192786342832
0.0008263144194988327
0.0008204334193265374
0.0008204234876914643
0.0008137683960401777
0.0008134606877689219
0.0008117228540765696
0.000811479377135337
0.0007806974516091614
0.0007806857606396678
0.0007650805228888682
0.0007647468341552023
0.0007645894656538557
0.0007640437613621005
0.000747934971618601
0.0007477119794417598
0.000747711714724013
0.000746287799898684
0.0007384541618919948
0.0007384541618919948
0.0007382097322697288
0.0007382066243008646
0.0007127139060930907
0.0007127121637327809
0.0007112252830110498
0.0007112252830110498
0.0007106639944204606
0.0007106639489632103
0.0007021578090667118
0.0007021562745165868
0.0006834693352826348
0.0006834690522313436
0.0006778620996766482
0.0006778616657397371
0.0006696670305252381
0.0006693422551727271
0.0006591069092994827
0.0006533578258800603
0.0006500116927526397
0.0006500114840515023
0.0006326475553248903
0.0006326475232551283
0.0006251374852963283
0.0006251374852963283
0.0005929409633592594
0.0005929409633592594
0.0005794417932032518
0.0005794417932032518
0.0005697771717704623
0.0005697771717704623
0.0005685130280515973
0.0005685130280515973
0.0005406783823991002
0.0005406783823991002
0.0005328927607725222
0.0005328927607725222
0.0005202870656778406
0.0005202804658468145
0.0005158243552337179
0.0005158243552337179
0.0004996994271521219
0.0004996994271521219
0.0004985689428061436
0.0004985689428061436
0.0004800121843222091
0.00047523376659878026
0.00047523376659878026
0.0004645597249426771
0.00046455959796284235
0.00044383060757368547
0.00044383060757368547
0.00043448492317121824
0.0004344848192906673
0.00039972073544793264
0.00039972073544793264
0.000373843257440956
0.000373843257440956
0.00035157021334871006
0.00035157021334871006
0.0003223416855042726
0.00032233718919202453
0.00022811331532807613
0.00022811330029450576
0.00021617142682396915
0.00021614404015166878
0.0002142353735347029
0.00021423536108142234
0.00021368335587349042
0.000213632795539048
0.00021301035915517486
0.00021287929476868344
0.00021148162599455986
0.00021148162599455986
0.00019226297816085083
0.00019123958754747102
0.00017278021676994467
0.00017278021676994467
0.00017273933661899867
0.00017273933661899867
0.00017270429161476676
0.00017270429161476676
0.00015045625198490583
0.00015045625198490583
0.00014568943737191118
0.0001448801180616475
0.0001374044098404086
0.0001374044098404086
0.00012804449614926003
0.00012735149826092565
0.00012025623775450141
0.00012025623775450141
0.00011427453050056956
0.00011427453050056956
0.00011185964628226559
0.00011185964628226559
0.00010271329042746802
0.00010271329042746802
9.31359680187642e-5
9.31359680187642e-5
9.017561185443979e-5
9.017561185443979e-5
8.908805330397865e-5
8.908805330397865e-5
