2.950899622200839
1.0789779749449664
0.5972153634065651
0.38024844480567715
0.27138680176101954
0.2095284623127158
0.18324727267149857
0.16314102029485084
0.13923380722131265
0.1360308183187948
0.1330941098768619
0.13248352431650906
0.12264017241947055
0.11813861458443399
0.11689625840773736
0.11066097077135724
0.09822691935622899
0.09488515871122549
0.07944948186429468
0.07795819482705102
0.06913939909814289
0.06457101340370476
0.0634845570123262
0.059450088325880564
0.05755292866208509
0.05679277144676069
0.05440229928743596
0.053169168044917156
0.051007291299424405
0.04908007646779847
0.0488707005845358
0.04856269612845488
0.04849078069627507
0.04689108782945291
0.046021177867078746
0.045103644037155693
0.04470747646784798
0.0445467559584486
0.04387251040529294
0.04366052766242789
0.04333207545141457
0.041922544382722124
0.041418717442828115
0.04104055269557318
0.03985714495270328
0.038149357650013996
0.0376000219702129
0.03671036906798409
0.03619753571278609
0.036060757868551736
0.03460873614000337
0.03458618277969103
0.03424459056070374
0.03327548065819307
0.03310884322180558
0.03268647758370837
0.03263179673197909
0.03224663421686641
0.03197505471255957
0.03128878474655574
0.030786888330053875
0.029935414245668517
0.029893495130298976
0.029527739997363914
0.0294492997893593
0.028456142926256277
0.02840840519103886
0.02835401878477474
0.028079842809633892
0.02804941172777049
0.027806787522699997
0.027732438585980165
0.02755768186185759
0.02719357968735993
0.027009587230784133
0.026800033073033972
0.026737217775789975
0.02656892121805317
0.026140293234025332
0.02603982500552439
0.025725002410286867
0.02527867869610978
0.024919934520615566
0.02489626823594655
0.024688490039817046
0.02452268355239061
0.02405122464402641
0.023960925965430296
0.023726591293944808
0.023633537961086904
0.02357097265594525
0.0235427905177856
0.023356373571872698
0.023256592018219384
0.023170746475149613
0.02305116529350354
0.022900110738388185
0.022260632613359164
0.022130369607687123
0.021949083271746554
0.02162969809436686
0.02162822181124265
0.021616359734319364
0.021415264451607557
0.021366089390824707
0.02123027791486356
0.02094887109492693
0.02064012065692131
0.02054961984278689
0.020504698392159966
0.020438609647761223
0.0201194951756463
0.020017488049490724
0.019876248765287863
0.019786179400607232
0.019685211685395124
0.019446622297841696
0.01929459154350049
0.018604840046191628
0.01854979439848835
0.018249796743699268
0.01800354410738573
0.01788152673430936
0.01780339272805332
0.017599040589540184
0.017348460980321903
0.017265147076308874
0.017257252555351682
0.017008600953953765
0.016749974341175908
0.016612977399559
0.016421603418715278
0.01631404153858321
0.01623501391810196
0.01617984294798514
0.01606252654661785
0.015970262907115063
0.015871422603533768
0.01563898617655759
0.015522566785622376
0.015436035978906588
0.015285573900695605
0.01521857010778218
0.015039361435363465
0.01477417783837994
0.014613896574080095
0.01442107245579817
0.014271598502628808
0.014197217108982115
0.014133023613475734
0.014061280544696996
0.014016854324606537
0.013990227156205483
0.013973627477063436
0.013644813094665522
0.013467109604047867
0.013443252033844225
0.01337524742659485
0.013249987249043315
0.013180530526399774
0.0130488797068076
0.012947397343271378
0.012873431108209309
0.012740707033854971
0.012724425087078774
0.012680966379254192
0.0125404512067581
0.012268399950079922
0.012240078471036036
0.012073069292429113
0.012048069150456354
0.011904292139659118
0.011770801998030761
0.011681366293226825
0.011641844043421366
0.011511299500914533
0.010928941608208956
0.010788104902031604
0.01073464871523525
0.010681536359806745
0.010576697931238662
0.01038564448676522
0.0101089839907368
0.010055248705923196
0.009897071532409247
0.009773398106113856
0.009753894617754322
0.009564155906554003
0.009438919442533701
0.00932708528343092
0.009050483007772399
0.008671822737699541
0.008587133779281981
0.008269809923425452
0.007967605001234668
0.007680138183831874
0.007651342418274224
0.007619963804694737
0.007482895211235523
0.007440913245607309
0.0074176289060695
0.007317265247268639
0.007271114868828822
0.0071142840784805894
0.006999707622234196
0.006864053554491655
0.006849592020148384
0.006844437373181355
0.006820046559608207
0.006805402114452737
0.00680113806462781
0.006681323484104816
0.00664514004453144
0.0066448364352990905
0.0066022261097397564
0.006583993756065553
0.006545675095558734
0.006538352156578411
0.006516098886380135
0.006492476995860622
0.0064714715008204445
0.006411907309285616
0.006397665111161818
0.006375248467092019
0.006337987231510789
0.0062243232231007795
0.005978338399039703
0.00595848529356207
0.005903630381977875
0.005828939022473653
0.0057940114157403804
0.005788906458083151
0.00573038418824399
0.005724993843130165
0.005686862500010779
0.005668196818358509
0.005666562248910422
0.005651676683614358
0.005638362466836663
0.0056312180439355855
0.005626427294255014
0.005616718529827324
0.005608093843336777
0.0056012929593393145
0.005580736199981319
0.005558743543989073
0.00552789397238389
0.005524721854382558
0.0055135073283556655
0.005494333452481985
0.00547704089434694
0.005464252998403938
0.005456382798559288
0.005445380121535384
0.00543250150751839
0.005431750366502095
0.005430117203052613
0.005414609923675292
0.005412044294245925
0.005408951106928932
0.005398596953356804
0.005387931556362843
0.005385184081959878
0.005378587941385581
0.0053715644408289815
0.005333379674788414
0.005320440174867077
0.005307098328175985
0.005302883555662782
0.005298386791566702
0.005292357546040492
0.005273170191732821
0.005268648505211659
0.0052649552302607245
0.005231771339398877
0.005228321540710265
0.0052015458203387545
0.00518549672629008
0.005176919584915675
0.005169780762407371
0.005162150389650935
0.005138607824019898
0.0051321858610456576
0.005109640314434997
0.005094560165695742
0.005050105165426532
0.005039640903380294
0.005028114043133438
0.005022422714056715
0.0050195162113012655
0.005006952925710794
0.004986538792681321
0.0049806101627280965
0.004973876439922304
0.004961161586414982
0.004946741380683026
0.004939635514266052
0.004900958323102843
0.004898805368383382
0.0048800751133066395
0.004827729261418096
0.004824949908880991
0.004797641601177768
0.004775089741852192
0.004741127453910853
0.004613172742718274
0.004599443770147168
0.004539313345645738
0.004524372320559165
0.004496755250300065
0.004475854921616928
0.004427482161981368
0.004423525917687419
0.004360050535500509
0.004345795893170678
0.004341939345898104
0.0043375224101657684
0.004316809330527612
0.004302412346696657
0.004298063539596221
0.004289251419308224
0.0042825250826671905
0.004264984742007128
0.0042534433499363
0.0042311674126582575
0.00420502208166429
0.004172416391412735
0.004158107539973705
0.004156591415571735
0.0041413175095463784
0.004099177883169354
0.004081288224706267
0.004076953987638883
0.0040684683542558005
0.004062377782853547
0.004054943274757907
0.004052429207796112
0.00404713630654513
0.004016664388828289
0.0040115625415533965
0.004007993497614842
0.003987475064591472
0.003980713552631868
0.003969899117775719
0.0039647237398530814
0.003962854391794419
0.003950640445542953
0.003944145094994358
0.003928974221790969
0.003899940434298773
0.0038922725669801317
0.0038870872718556725
0.0038814219037906477
0.003878210954566709
0.003821233614776234
0.003813303305796482
0.0038044175294527954
0.0037898026239074627
0.0037847375646819655
0.003743177573911512
0.0037356583967572384
0.003712610693023528
0.003696293212118926
0.0036638922499620872
0.003659965400142887
0.0036303903618570238
0.0036209729784428156
0.0036035502016148542
0.003602472645577514
0.0035770421722955865
0.0035730456640416697
0.003566796024605104
0.0035599103580351197
0.0035561759680801997
0.0035298871847043467
0.0034940593179586025
0.0034822826172775006
0.0034461263825332966
0.003424692023922594
0.0033954047801648506
0.0033940585595773494
0.0033812976518099547
0.0033657537655037303
0.0033632917474838956
0.003346325750508784
0.0033349455956192924
0.00333264708697136
0.003314062886686072
0.003290094367602893
0.0032702947919778253
0.0032653082284348814
0.0032584516101311846
0.0032468059611793706
0.0032386804479716267
0.003221953550688569
0.003212169235248636
0.003204926842996241
0.0031922234083642614
0.003178795236413067
0.003177123728714751
0.003175597207311966
0.0031662826215072513
0.003161380409727769
0.0031508357969729584
0.0031492491250048335
0.003122402790136477
0.0031152501047831513
0.0031126889637302212
0.0030733909456381442
0.003044630285460856
0.003019667261417816
0.0030160730660991246
0.003011713263460098
0.0028464887433574276
0.0028393886244966996
0.0028364264698096738
0.0028224455209427133
0.0028206179656281184
0.0028068915985230004
0.0028027042195013572
0.002787583192208389
0.0027721326675577904
0.002772114590703621
0.0027560298341227293
0.0026320345747776093
0.0026298664911917646
0.0026286530918992247
0.0026057198076358634
0.0025519316409258826
0.002482218262935603
0.002476873372286409
0.0024759383944004134
0.0024755957126754644
0.002463202844696566
0.0024529808313232078
0.002448904781461847
0.0024104852182667887
0.002402113404309536
0.0023949454244050973
0.0023676119347551482
0.0023588689919463303
0.00218133863800784
0.00215603687392141
0.002148182534610122
0.0021405384886242548
0.0021312795662057457
0.002127449597170257
0.0021204944319437704
0.002114120371868938
0.0021063179589005244
0.002100681696185583
0.0020953318086789872
0.002092037658194363
0.002073865329013024
0.0020415502700584023
0.0020332843814036155
0.002026671695194591
0.0020201957834328666
0.002006413998332192
0.001958680181484137
0.0019545117487721154
0.001949831626395318
0.0019365448378568127
0.0019263453919829792
0.0019210358647163694
0.0019155572030779718
0.0019113850752268354
0.0019011398723730384
0.0018906655161755655
0.001883770978493351
0.0018807389066227372
0.0018699981117235084
0.0018591258540029945
0.001853335720023329
0.001846979799523603
0.0018221464513680727
0.0018126004234724506
0.001802947478643337
0.0018022812933014205
0.0017941167273504333
0.0017940911284622715
0.0017848431389192866
0.0017846573745871363
0.0017795372166359864
0.001773309966559832
0.0017337130935108592
0.001729188766191561
0.0017255397742608576
0.001724060670082224
0.0017151891654368205
0.0017040510282752537
0.001698079428862935
0.0016919272072744972
0.00169094292033357
0.0016879954614636345
0.0016861800821408265
0.0016849561136889559
0.0016822525990325406
0.0016811869874792014
0.0016801498283508872
0.001677312140246262
0.0016733203413832783
0.00164854240006494
0.001643250061075157
0.0016364220817046214
0.0016295458740744127
0.0016205778391945342
0.0016192684856086098
0.0016153791380839689
0.0016135010684762137
0.0016108242967317393
0.0016072287523507132
0.0016028674765855273
0.0015731188832613077
0.0015695931062646349
0.0015651567602337478
0.0015432380595107713
0.001518805640344783
0.0015182065184545831
0.0015175549862879686
0.001488232220876556
0.0014815290077320607
0.0014686293507364299
0.001460663273537512
0.0014602766269291424
0.0014598567925931726
0.0014471585919584866
0.0014419409035839109
0.001418365282808885
0.0013965172114913126
0.0013599659181421327
0.0013592233210344199
0.0013584143122324528
0.0013303135914078156
0.0013297417610118902
0.0013291412249754895
0.0012966439612755586
0.001240350280929633
0.001154007246677186
0.0011466630790582391
0.0011459360638109669
0.0011450664569614458
0.0011234412957537281
0.001122871379108476
0.0011222144326858141
0.001119251334017198
0.001080097334855803
0.001079456045397729
0.0010786755094254743
0.0010689234475841324
0.0010684406914776502
0.0010680919006503516
0.0010676136603848655
0.0010670635772491639
0.0010665914802476329
0.0010653680265400266
0.0010648146774422849
0.001064195784062921
0.0010597391532763962
0.0010589101932190256
0.0010580615721964887
0.0010550962296419805
0.0010543352531971794
0.001053513716876526
0.0010492173442627414
0.0010484221536411098
0.0010473542296525694
0.001038203277588441
0.0010371953562847167
0.001036068784543541
0.0010288875127436048
0.0010280902758541858
0.0010269472648390596
0.001023417407928838
0.0010224315946148626
0.0010214897950780763
0.0010206708314309718
0.001019966434823694
0.001019074314346171
0.0009998110592127642
0.0009988568767202272
0.0009977173174669728
0.0009919943598974675
0.0009917177827449216
0.0009908067660871673
0.0009907696878331648
0.0009891053400882073
0.0009887487697441558
0.000973904240713695
0.000973757915737175
0.0009735744886418814
0.0009642313125129997
0.0009632598470010572
0.0009631308266470776
0.0009629620467296392
0.0009542634435728788
0.0009397580427072961
0.0009377831068954947
0.0009355540276218898
0.000934642927575128
0.0009343633387539228
0.0009241171588332882
0.0009241171588332882
0.0009241145600929583
0.0009236832732278082
0.0009106891077742194
0.0008942531704596874
0.0008933584004065802
0.0008865979583362893
0.0008763086127372893
0.0008742754412144913
0.000864574165513616
0.000864574165513616
0.0008645720374295761
0.0008616324279426261
0.0008552476132103539
0.0008485299601227132
0.000842006257227633
0.0008364667152357636
0.0008364667152357636
0.0008364647139068693
0.0008318137342720669
0.0008318137342720669
0.0008317873480973563
0.0008314276679086132
0.0008276557869845253
0.0008244517723302437
0.0008235961527227414
0.0008221445117767806
0.0008186380343380065
0.000815769518524867
0.000815769518524867
0.0008157664245076086
0.0008132920772646133
0.0008123577631512171
0.0008123577631512171
0.0008123464245455594
0.0008119833650367626
0.0008099502115008102
0.0008090682005969689
0.0007978966128736572
0.0007978966128736572
0.0007978811084896635
0.0007929152608950049
0.0007824621034674311
0.0007824621034674311
0.0007824618000992988
0.0007823737775737964
0.0007811834527692006
0.000760913941751369
0.0007590596074841166
0.0007408614109650133
0.0007401324522800301
0.0007266422577071425
0.0007235285854674802
0.0007235285374966421
0.000723528393584185
0.0007210139800542965
0.000719519932611424
0.0007142550157640943
0.0007091607332309213
0.000677447045375976
0.0006678099129019693
0.0006672079660814315
0.0006633613210961745
0.0006577834918810593
0.0006577830232812951
0.000657781869809219
0.0006523547634668554
0.0006523540602470804
0.0006523524780109016
0.0006464698018806871
0.000646469733444639
0.0006464690833032664
0.0006429833679797484
0.0006429833343123583
0.0006429825936311142
0.0006259254976113976
0.0006182830104519496
0.0006181665980799465
0.0006132771529999777
0.0006093434858104057
0.0006093434858104057
0.0006093429127160007
0.0006068977060020106
0.0006068977060020106
0.0006068971397807879
0.0006066693643518753
0.0006066693643518753
0.0006066682331887538
0.0006039277332161196
0.0006039277332161196
0.0006039266173194647
0.0006012207368724404
0.0005977837824300131
0.0005719682666550501
0.0005690705104298918
0.0005480890425713585
0.0005452401920274679
