2.087502185070332
1.0576898737725173
0.7046758148578853
0.41252670597278623
0.3543895220004051
0.2865391708438504
0.21869829634618343
0.21486586606824032
0.17414535899776837
0.15593887281110771
0.14379560930511082
0.123942905185698
0.12300082982800467
0.10709524989188988
0.10425979660312686
0.09673299679333296
0.09643937176299001
0.09432372899626208
0.0912845312780881
0.08946441523322153
0.08773395554130767
0.08375348769499173
0.08242030462181467
0.07631419297515701
0.07617765893923327
0.07220935012756391
0.06967019613651096
0.06845490204328225
0.032530130886646545
0.03245987841029623
0.03218565770541356
0.03149653482831062
0.02323171241598105
0.023223227551394488
0.0232065025222945
0.023181101581033935
0.02314419543520476
0.023098038499739574
0.023036759703299776
0.02295697677597105
0.022851569871346088
0.022736960429501483
0.022624115499768015
0.022517772637658428
0.01970836202139977
0.019699903461191062
0.01966067955799069
0.019515877897049203
0.017915221949922382
0.01730767789421963
0.01700259041934784
0.016725530099219208
0.01636682996061315
0.016238819824205105
0.01597316292757701
0.015521695256056393
0.015451916947345903
0.014824969830938657
0.014711008699151115
0.014365103599037659
0.014296258560865832
0.014262032474447722
0.014251785357460219
0.014240327598660047
0.014082925652015466
0.013920127384958802
0.013657381747539775
0.01354011504326799
0.013392427095699622
0.013237110692055395
0.013156424709476375
0.012978129072736329
0.01272637729607529
0.012705866644132367
0.01267261456534025
0.012644025922527363
0.012626277958312915
0.012584144427648492
0.012557608460578863
0.012518846638182899
0.012489013451773624
0.012472273051946587
0.012426458446544287
0.012354766484698942
0.012226236433666228
0.012210863677545071
0.0121963207231969
0.012074420147808393
0.01201855969985757
0.011922164279044634
0.011729393140963924
0.011559623189162642
0.011478876855191769
0.011446284066350535
0.011424851427944683
0.011377605762687327
0.011364338307937477
0.011334425359243408
0.011331442616161296
0.01132644838806568
0.011315239145156974
0.01120428944616526
0.01114924784602418
0.01111768200941899
0.011036655124798319
0.010967293473163909
0.010896748051147043
0.010704728933141972
0.010584769161737919
0.010442643869192641
0.010380843877298708
0.010347457252811488
0.01018601355741217
0.009954955786702578
0.00989359743855366
0.009729121391048659
0.00961213081642972
0.009579227378666389
0.009560562386347594
0.009547459662021201
0.009523074990150211
0.009520700123543346
0.009496713559440678
0.009487985762563279
0.00947189445112625
0.009468203930326468
0.009466031005484342
0.009463780135602739
0.009461969651826083
0.009461298094617009
0.00946033713688409
0.009449797646686348
0.009434319585727014
0.009421892594649433
0.009337707793476915
0.009318232308415449
0.00902945071614501
0.008884269891218391
0.008782081075598904
0.008569870767864
0.008456214483742702
0.008434941864271161
0.008379152858600355
0.008283341077091683
0.008268147169163334
0.00825953939358073
0.008255379176810955
0.008006883638745398
0.007464084311055757
0.007459110660357901
0.007450914539091188
0.0074450047788581575
0.00686970101832591
0.006866949978708839
0.006861103113387018
0.006855480074722741
0.0064742409587381896
0.006472791384394019
0.006468966150608573
0.00646361665827737
0.00621685408497897
0.006216035641294298
0.006213573133332319
0.006208572014825585
0.006027447378508388
0.006027258797010564
0.006027006458285563
0.006022674507018261
0.0060139889654720795
0.005970266097855425
0.00594510729722722
0.005929549571661139
0.00591821508390343
0.005915428961105216
0.005910231911222085
0.005898490331631732
0.005895783871617855
0.005878729900119395
0.005875505856244847
0.005857514102537308
0.005847343913635453
0.005830155927057908
0.005824809742475124
0.005806559125824982
0.005800644612323294
0.005784996469728311
0.005765176337913313
0.005751081917507739
0.005745248681703827
0.0057332127628729945
0.005730303160976616
0.005719990775642416
0.005711092289786738
0.005703372101138763
0.005698486390000183
0.005666306471119155
0.005662703917447121
0.00564295847881651
0.00563134017473146
0.005624134506643811
0.005610550469473949
0.00560000247416871
0.005581315239341066
0.005577826120869161
0.005554888389200486
0.0055460371935640625
0.00553150236977872
0.0055154017767607795
0.005508902540586575
0.005498124859291859
0.005475559904658558
0.00545136138339342
0.005410503055328493
0.005371297497438757
0.005353727876917481
0.005334434836402814
0.0026878430043923316
0.0026878430043923316
0.0025656145453077975
0.0025656091981482113
0.0012069605061892767
0.0011738574408746512
0.0011738574408746512
0.0011492302020305895
0.0011492302020305895
0.00113617331060507
0.00113617331060507
0.001124542669910438
0.001124542669910438
0.0011236191235799431
0.0011236191235799431
0.0011236191235799431
0.0011236191235799431
0.0011236191235799431
0.0011236191235799431
0.0011236191235799431
0.0011236191235799431
0.0011236191235799431
0.0011236191235799431
0.0011236191235799431
0.0011130812304943618
0.0011130812304943618
0.0011034597209470995
0.0011034597209470995
0.0010909894560277864
0.0010909894560277864
0.0010904445006335317
0.0010904438437618093
0.0010852665431670251
0.0010852665431670251
0.001082787786320156
0.0010827876255371232
0.0010716552694566186
0.0010716552694566186
0.001065140063451994
0.001065140063451994
0.0010650216233027059
0.0010650216233027059
0.0010606280855604644
0.0010606273300000828
0.0010559171524411604
0.001055916556011236
0.0010539475973944037
0.0010539475973944037
0.0010524062584035946
0.0010524062584035946
0.001046653432845526
0.001046653432845526
0.0010447468665126258
0.001044745999961463
0.0010354578684482242
0.0010354578684482242
0.0010354446516243102
0.0010354446516243102
0.001034113054070022
0.0010341126338900778
0.001025924283170948
0.0010259231890999937
0.001022568749057011
0.001022568749057011
0.0010206647713835201
0.0010206639633853487
0.001019927195122007
0.001019927195122007
0.0010102098503616786
0.0010102098503616786
0.0010057594287840059
0.0010057594287840059
0.001001462449901571
0.0010014620682779183
0.0009993192803990003
0.00099931902761307
0.0009966740506095364
0.0009966740506095364
0.0009947664360582763
0.0009947664360582763
0.0009926980908934885
0.0009926969758197047
0.0009870987104004263
0.0009870977359014998
0.000978373286732949
0.0009783721006276756
0.0009735474918761027
0.0009735470244194199
0.0009652054954174765
0.0009652044704467948
0.0009478941105947117
0.0009478935712587536
0.0009398401470950844
0.0009398392008272026
0.0009241341511373188
0.0009241336513502918
0.0009164059152437727
0.000916405135479466
0.0009019448905628175
0.0009019443329906031
0.0008941833479837473
0.0008941826235820476
0.0008794616781497701
0.0008794613335454132
0.000864568517940457
0.0008645676176129353
0.0008488904569760012
0.000848889604745148
0.0008337949636615866
0.0008337948168305208
0.0008337945965840676
0.000833794376337789
0.000824043897386338
0.0008240433304283886
0.0008240423382547934
0.0008240414878231356
0.0008118111990971486
0.0008118097083744414
0.0008118073367870595
0.0008118051684967847
0.0007878275562961928
0.0007878269989233325
0.0007878265034817832
0.0007878260080411687
0.0007779535180690424
0.000777951848409791
0.0007779499998710168
0.0007779482109750723
0.0007703138602819616
0.0007703113709675429
0.0007703087080067426
0.0007703061608526889
0.0007292203516971289
0.0007292203516971289
0.0006947656525294334
0.0006485171361036031
0.0006479198990939667
0.0006469782994212894
0.0006457673232120306
0.0006443815094855449
0.000642926578612678
0.0006415107804773195
0.000640236905467705
0.0006391953533435419
0.0006384586734235824
0.0006380772868279292
0.0006249284278258978
0.0006249284278258978
0.0005927164059317848
0.0005927164059317848
0.0005927164059317848
0.0005927161422070751
0.0005927161422070751
0.0005927161422070751
0.0005927161422070751
0.0005927161422070751
0.0005890389874676692
0.0005890389874676692
0.0005890389874676692
0.0005890389874676692
0.0005890387286212841
0.0005890387286212841
0.0005890387286212841
0.0005890387286212841
0.000583690159066012
0.000583690159066012
0.000583690159066012
0.0005836899072072291
0.0005836896553487724
0.0005836896553487724
0.0005836894034906416
0.0005836894034906416
0.0005765348654019948
0.0005765348654019948
0.0005765348654019948
0.0005765348654019948
0.0005765348654019948
0.0005765348654019948
0.0005765348654019948
0.0005765348654019948
0.0005711660945891325
0.0005711658585971463
0.0005711658585971463
0.0005711656226054525
0.0005711653866140512
0.0005711651506229425
0.0005711649146321263
0.0005711649146321263
0.000566380122010326
0.0005663798919011108
0.0005663796617921762
0.000566379431683522
0.0005663792015751483
0.0005663789714670551
0.0005663787413592423
0.0005663785112517099
0.0005612656481209916
0.0005612654241893856
0.0005612654241893856
0.0005612652002580476
0.0005612649763269777
0.0005612647523961759
0.000561264528465642
0.0005612643045353762
0.0005611118702377736
0.0005611118702377736
0.0005611116464901782
0.0005611114227428506
0.0005611111989957906
0.0005611109752489982
0.0005611107515024735
0.0005611105277562165
0.000560182276147135
0.000560182276147135
0.0005601689183736227
0.0005601682505100304
0.0005599368683192861
0.0005599364236297217
0.0005599362012853367
0.0005599353119104459
0.0005599348672245898
0.0005599346448820589
0.0005599239727520546
0.0005599226387787097
