1.643488691124332
0.5573560204192946
0.2641823514898695
0.17314640992859956
0.13489842557171172
0.1012199797551994
0.09065360909699877
0.08646461268675439
0.08088699845206593
0.07714419021573313
0.07374028646611706
0.06623966315892614
0.06582527599479349
0.06149341729495898
0.051116461045055156
0.04492013142734997
0.042549765785992455
0.04100115158203073
0.03918045124781997
0.03696478147043126
0.036915100459313455
0.03486718539642947
0.033782578555960494
0.03253395380332307
0.03232413947376004
0.03039550374879346
0.029982310478142645
0.029580859607918474
0.02908192181735737
0.02841203764880256
0.0282179324297317
0.027720974102667807
0.02675663601572485
0.02650435359496121
0.02629334827322999
0.02593871380572717
0.025532692115047065
0.025265811044890712
0.023774745813864195
0.023530367305851466
0.023053691885664807
0.0227341444736665
0.02213977640636762
0.020746636203594713
0.02064174381696426
0.019661683291878028
0.01872603338276014
0.01759820425100372
0.017069435110847887
0.016663962096829504
0.016459251650918386
0.016338393926744972
0.01583087410669777
0.015392204307135551
0.01525471075927282
0.015017759417480684
0.014662448573304456
0.014363334746064303
0.014066708478246785
0.013996816221500714
0.013691123232722079
0.013519948756789258
0.013199722042950272
0.013135739539730525
0.013135739539730525
0.013135739539730525
0.013029651958877243
0.012839618825617776
0.012738117014012663
0.01262084568965832
0.012468939206563825
0.0122948507590404
0.012235395543720395
0.01209806971837553
0.011866982386457598
0.011756514393542495
0.011583302798958422
0.011575971656152161
0.011472801388777761
0.011338421670064385
0.01097733580378866
0.010968012723745205
0.010867028188098041
0.010554625208985242
0.010521034585124715
0.010448693450632953
0.010392957179186271
0.010382050935069853
0.010377303418323018
0.01025082563258883
0.010119070278388554
0.010088731742810431
0.010066697711126588
0.01005686300896567
0.009964765271567632
0.00988920843096816
0.00971648866782869
0.009618080586195631
0.009523911479271811
0.009467727263094196
0.0093745753314562
0.00928575211689842
0.008780045587823545
0.008638946380980637
0.008476443542848693
0.008433250159126765
0.008426035449175372
0.007564245663535937
0.007519741682954429
0.007496714270223602
0.00748506024753999
0.007266690518239346
0.0071745131597450735
0.006844580226010904
0.006821217872813789
0.006674193293623502
0.0066568254131753905
0.006289853615662797
0.006289672090724264
0.005501723317203583
0.005487020532330452
0.0054859956001248236
0.005389758347398484
0.005388402499152508
0.005320704651375977
0.005204922383971061
0.00517392527240778
0.0050484884009318045
0.00498053084730799
0.0049781854182453355
0.0049730059628341405
0.004972861108359911
0.004921296953031805
0.004843289299446542
0.004839210843388579
0.0048212257260700055
0.004720389009955784
0.004626483342967755
0.004534983534730042
0.004533061698354475
0.004505302344671206
0.004504030024195221
0.004378640662303389
0.0043377626868188095
0.004325928531497462
0.004318966189896064
0.004283202029829737
0.004274465966571321
0.0042676847859447345
0.004233537421174414
0.004147469839733186
0.003980295625687227
0.003948260540312626
0.003935108196926411
0.003920688063669101
0.003920392698174006
0.003910279258362383
0.003907893860900701
0.0039009231524671823
0.0038873964413781554
0.0038866942721170286
0.0038783310578208267
0.0038674877977744374
0.003805547379975508
0.00376905448118263
0.003496531752830247
0.0034775338383123433
0.0031833125379125827
0.003162537257741537
0.0031581178343172357
0.0031314569513017036
0.0030380523622753506
0.003008393073477161
0.002992028470444034
0.0029275812337119125
0.002880309293163297
0.0026826593791852947
0.002682642263216555
0.0026803629012388673
0.0025218481562662544
0.002266733348997046
0.0022665812846976905
0.002257186145779256
0.002222863236785246
0.0021547800092274953
0.002151748988797945
0.0021387145190986234
0.0020678506145032746
0.0020633597048171797
0.002019190290030428
0.0020190953103985665
0.001996226730232224
0.0019958456053175417
0.0019666218991193957
0.001966193358835163
0.0019424735979126223
0.0018652311468835793
0.0018651382812583596
0.001861882800450438
0.001796264298129627
0.001796264298129627
0.0017931454153046309
0.0017212105395717004
0.0017211491897398486
0.0015785902841412758
0.001577969870649736
0.0015749613618404597
0.0015431534403529078
0.0014796655870226462
0.0014473873488291024
0.0014123393161860744
0.0013988051783689272
0.001398786460011415
0.0013001692378823673
0.0012562333161387246
0.0012562325628824008
0.0012528824740420921
0.0012164551788801695
0.0012164412722558053
0.0011923858676756779
0.0011454962379003363
0.0010378481191890905
0.0010263739237160894
0.0010263739237160894
0.000998396917932604
0.00091223523105887
0.0008840307841096056
0.0008701352078602801
0.0007937690266197159
0.0007937687099086843
0.0006925119032916716
0.0006925116509181764
