2.0337066444778693
0.6511272835986094
0.5400387333783137
0.4821437034111625
0.4753825496201888
0.4626326722444113
0.36395634421062384
0.35287914243610136
0.3006441943043226
0.30012115573130616
0.2928074177482071
0.2881667609684833
0.286952952675893
0.28456691593177696
0.28301465067770176
0.24999799767796116
0.23478406756587722
0.23143807622021087
0.2272173144507544
0.22536722575862525
0.22482796001747626
0.2176308975938017
0.2161409836210451
0.21550134974847165
0.21485062809691202
0.21347582177089797
0.2132657461633633
0.20631351835333853
0.1974337763817852
0.185403352471617
0.17183896011485494
0.16598415162906632
0.15599523746803448
0.15511985743517084
0.1394809081171541
0.13662072061412484
0.13335050842278662
0.13286543708200627
0.1296318281452954
0.12698567631592345
0.11977072614561772
0.11280191805933598
0.10659254603360925
0.09784702061096193
0.09453719207730539
0.09383136515668694
0.09335690443842437
0.08970982283113837
0.0894805715664122
0.08451130828458543
0.08045521854911626
0.07960765058574949
0.07946176236328288
0.07599483609659682
0.07479019604360691
0.07429305251242509
0.07119415982737176
0.06944415039969958
0.06889436451734862
0.06500003883971506
0.06357243080515264
0.06233183796569949
0.062238773688934476
0.06178706264556268
0.06116981584373544
0.060998780570463006
0.060329295155710935
0.06005719460750864
0.059925992543319165
0.05845810045965875
0.05796138566224929
0.05750756713522468
0.05697750633098042
0.05656516230826409
0.056290933356877244
0.05557275726995748
0.054340230149380074
0.054089751579532566
0.052532919250446425
0.051833347756078306
0.05135059386726923
0.05078854312774418
0.04956676531540442
0.048995008572492324
0.048395967591309305
0.04675719084695019
0.046125449559777716
0.04576030848569605
0.044890924457293944
0.04397762477583138
0.042869206380124925
0.04256803895754839
0.042217338075739214
0.042082870064008425
0.041213675260884965
0.04065089926864876
0.04049336917987654
0.04036857358928567
0.03933714610370543
0.038481752833543596
0.038312632590311466
0.03754116380873812
0.03661340288028119
0.03604304888521298
0.03561946799633401
0.035462256236466976
0.03522400944335398
0.0350588809267056
0.0344448963587674
0.03377181587536665
0.0335612516691473
0.03239124120426053
0.0317750478893848
0.03161049924171647
0.03092712407103799
0.03037360516657898
0.030046026850411658
0.0298392902244152
0.029704285748376618
0.029405460824370153
0.029188362158536887
0.02905643876445447
0.0288879609932607
0.028849186720943578
0.02877544731116236
0.028656137166360073
0.028619231726377585
0.0284791060571153
0.02810886255219066
0.027876098038540836
0.02773844554953815
0.02769792634763274
0.027685917785979217
0.027216237049777825
0.026988893085443638
0.02654964941752855
0.026494383273858682
0.026309814622120876
0.025858522988843988
0.025831467865368298
0.02504629634369838
0.024561683087091953
0.024545627163672885
0.02450154951584757
0.02448899573322314
0.024471485477852085
0.02445439056356554
0.024426036927867958
0.02440459376510247
0.024354304057871323
0.024281482236869083
0.02416035100026107
0.02410121832904635
0.02408308429470106
0.023943918408618276
0.023870291308570213
0.02378163473060187
0.023524144221761994
0.02326030009511114
0.02254098884764016
0.022519061188436603
0.022242672493665093
0.022175290413677294
0.02210646572437334
0.022028634821973727
0.02136519382793007
0.021352799693371304
0.020965787780966166
0.020627784737345556
0.020266073865083372
0.020208486307951135
0.020073294855959115
0.01966906839750118
0.019355044643598652
0.019107000240565115
0.018911073472876277
0.018768391092031718
0.018504921653817348
0.018474667651076648
0.01831791969585498
0.018243672129103963
0.01814653208226069
0.01806294000424204
0.017969084485534793
0.01786662803899113
0.017695161443155718
0.017662676524218567
0.017583266326997152
0.017575484471694658
0.01756274346782443
0.01745992882352815
0.017429766109471445
0.01733301402077233
0.01733110170919727
0.017254291647804423
0.01723423022921079
0.017226384497739864
0.01716559687717361
0.017042045899504175
0.01689014882631618
0.016666191941835048
0.01663663916468778
0.016551573566611133
0.016427400203519873
0.016396377948692496
0.01632196056662512
0.0162658142926389
0.016153407009787398
0.016099383427064743
0.015974525760251445
0.01581432635972882
0.015314582783235966
0.015138162078473318
0.014935558040548516
0.014894497954610057
0.014868827172778688
0.014835545216257035
0.014789821105285766
0.014784264186357607
0.014623364894860606
0.014576296591855732
0.014563874559404248
0.014420886336838348
0.014270773911793797
0.013792064390078334
0.01378603090878711
0.013700463042755696
0.013459141943675344
0.013182822181655696
0.013016180094653796
0.01287514725237785
0.012867234383076354
0.012845579864639097
0.012844374671566242
0.012807577562398656
0.012793228104762943
0.012785899360564972
0.01274198284104779
0.012733747930993078
0.012669844595755193
0.012652870291465638
0.012628266952521651
0.012601225925951273
0.012577594837192002
0.012569110979284998
0.01246664242206396
0.01242590681470988
0.012163271893472966
0.012152512926178803
0.012051313137226861
0.01200364070846874
0.011943399845354419
0.011916341542308058
0.01190200878309763
0.011854437829711148
0.011775869912817831
0.011723458385929877
0.011609097574734642
0.011609097574734642
0.011609097574734642
0.011609097574734642
0.011609097574734642
0.011609097574734642
0.011609097574734642
0.011609097574734642
0.011609097574734642
0.011609097574734642
0.01136571968017123
0.011327105436710243
0.01132587793436501
0.011256884781494109
0.011087062783074603
0.011074925991322681
0.011021156356643514
0.010888696190581203
0.01086285129050227
0.010767728987189648
0.010754599165500065
0.010499666984457647
0.010485958832067583
0.01046574298280306
0.010380883547898526
0.010358591132938341
0.010339083470524018
0.010328223001318151
0.010309639604576714
0.010308245104126482
0.01020787878853776
0.010005537696247912
0.009982709854552723
0.009953802719778158
0.00995049939738428
0.00994879783505677
0.009926626581640402
0.009918245304208715
0.009814804453616908
0.009811879208716165
0.009525805219713279
0.009473618028077821
0.009458711897327911
0.009419202030691904
0.00941617010146693
0.009414596049948081
0.009412624578252178
0.009321451638702925
0.009321049552764138
0.009211968698202472
0.009094582906104041
0.009066863525813679
0.008876282196968283
0.00885852879530588
0.008854715473276464
0.008848649308440697
0.008845403511887881
0.008819865725256835
0.008778149696318564
0.008762463178257443
0.008753968214196281
0.008745910503860477
0.008738482580987639
0.008702898460575563
0.008701472908240495
0.008593947347948308
0.008558025996748674
0.008548210450304716
0.008475895384018056
0.008462038584168956
0.008371407191621081
0.008341499341633887
0.008316283553147253
0.008288458011429413
0.008285461775726595
0.008262787646419469
0.0082493518274397
0.008237889552752347
0.00821371133093019
0.008191947532094077
0.008184462558906707
0.008180911169426692
0.008121160888838378
0.00800874301051409
0.007999993353780136
0.007968419982068604
0.007944934848092756
0.007942653076145246
0.007915271642568623
0.007910702627343762
0.00788127594527202
0.007877763448628224
0.007877194481030527
0.00784944682217873
0.007832856512954477
0.007809923099367955
0.0077649808720357295
0.007702399437149982
0.007696160614384595
0.00766341385852394
0.007659993851547476
0.007637043184995222
0.00761116121849867
0.007595362510723033
0.007585375340651479
0.0075841910400589055
0.007584086065841931
0.007583370147433144
0.007540259113071819
0.007531401666949718
0.007513105843353701
0.007489023936498998
0.0074812268325062745
0.007452890385072137
0.007451675341964728
0.007431884616083001
0.007427170111357243
0.007412630382183083
0.007411724707523764
0.007366603240230565
0.0072457570717832705
0.0071517355108855285
0.007149748400084505
0.007142294501275143
0.007133304484141991
0.007107255970097372
0.007070713429509042
0.007055141619017887
0.00704010616824816
0.007036881453900756
0.007033190533856862
0.007009985894030607
0.006977556171159453
0.0069477113176705406
0.006947157931771935
0.00692604833465192
0.006916003636511547
0.0069151327764766755
0.006910240049826459
0.006904945286732883
0.006904935279793012
0.006904142784942586
0.006901905595730833
0.006888639344556327
0.006874351727464671
0.00684297875406569
0.006838563119949098
0.0068373697604570014
0.006836927319345844
0.006832131156751597
0.006817981219888789
0.0068113797574235035
0.006772890436840268
0.006760997941043449
0.006760388191648859
0.0067324631039850005
0.006730315663878084
0.006728538694838436
0.006717090542051499
0.006702305877157126
0.006701695095279691
0.0067007277938148984
0.006699739962778546
0.006699413194701905
0.006698170161118989
0.006696586629126905
0.006695207185960011
0.006693811880724585
0.006692830142336562
0.006692272813540371
0.006681339727163163
0.006671723824449555
0.0066456923707184125
0.006635801495158335
0.0066304393152757
0.006626178667869596
0.006625864387086999
0.006624196463286835
0.006619872142441235
0.006619325126557701
0.006615473040358129
0.006615388704452951
0.006614654751599634
0.006611533233658784
0.006607831388147846
0.0066058422331539066
0.00656682958696577
0.006516195250552225
0.006509982737378595
0.006489121983771501
0.006457135097201922
0.006444684824049373
0.006438133922956129
0.006423260115667229
0.006393337545878995
0.0063216302527214835
0.0062867103108918305
0.006277951676995446
0.0062655506693077906
0.006264121274975323
0.0062192991701313545
0.006198820075663707
0.006181680939657916
0.006157438277913499
0.006139659929258077
0.006130850198107936
0.0061181559460282055
0.006107163765524949
0.00606378863407547
0.006061460295212113
0.006040611274186784
0.006033585929669798
0.00602387012241923
0.0060224448753933395
0.005994368927296101
0.005990665042566293
0.005979407614779215
0.0059706542448031835
0.005968638861314909
0.005949311240235585
0.005942718914483233
0.005868653778588438
0.005854218091839986
0.005851229540190437
0.005846141522354553
0.005831112421869958
0.005810227322775288
0.005810217385930235
0.005810118020283701
0.005810065855360029
0.005803563711049758
0.005782261983473083
0.005766531013502154
0.005757604857122737
0.00574594052492791
0.00571327109284267
0.00570064140664439
0.005691335400112306
0.005683913551732186
0.005677864786918913
0.005665981614132168
0.0056570389307322114
0.0056566125067644074
0.005650947479987694
0.005633166298878982
0.005626939439981053
0.005624048891410702
0.005605760915452695
0.005585278676961166
0.005580472059380354
0.005569965544683473
0.005526324331023577
0.0055098492681033675
0.00548965496808661
0.005481572438372107
0.0054180512176784925
0.005367542919545499
0.005361030826970941
0.005321006777751102
0.005304688116598046
0.005304200420092047
0.0052953884007105444
0.005292877663683449
0.005292070326572049
0.0052912877500732635
0.005286006473697719
0.005279314779993536
0.005259162698135899
0.005254439886290451
0.005229373513060782
0.005157939382998877
0.00514985952968339
0.005137223281877127
0.0050995294869282904
0.00506103051669842
0.005018769960329442
0.005015438314799442
0.005005573586676708
0.004992148259106104
0.004988333147572652
0.004987126222803383
0.0049869911269085085
0.004985529337699626
0.00498526098551142
0.004982077024990882
0.004971014465252638
0.004964229666940634
0.004950629278493714
0.004946448586332808
0.004918741386785366
0.004918271206348943
0.004918135602431757
0.004918128069209674
0.004918048219183755
0.004917935230509778
0.004917575225210507
0.004917502932424048
0.004896952674152234
0.004896894671897121
0.004896424780899375
0.004896377204543083
0.0048963192227338805
0.004865947210620636
0.004855027008847598
0.004848187324855756
0.004818967558294779
0.004801847121678458
0.004795244798642664
0.0047240632793231095
0.004720977908352328
0.004630018079406556
0.004620006681375542
0.004619885539935758
0.0046198318411088115
0.004619623307607034
0.004619609572858656
0.004619473480609418
0.004619188849471495
0.004618709589615807
0.004496090914614275
0.004466405794149451
0.004462782221125272
0.004406062217823078
0.004406062217823078
0.004375373266020118
0.004375345684078453
0.004375300068935004
0.004375212025134504
0.004375179142668674
0.004374864145004426
0.004374674330783371
0.004374515287612305
0.004354079264217034
0.004352145443213721
0.004328338511583975
0.004319281079519708
0.004319281079519708
0.004319281079519708
0.004319281079519708
0.004304032166133725
0.004299061450259815
0.004290840404884995
0.004265036819076567
0.004256325283264373
0.004253692872834757
0.004249602734855096
0.004246712116152607
0.00423776223057984
0.004236173696876576
0.004229657197280436
0.004228486575341457
0.004221827202502334
0.004214999062291108
0.004214923190388422
0.004189698071064626
0.0041819670833610975
0.004140303188645665
0.004139175542149518
0.004136553623497366
0.004129679781383116
0.00412269010306661
0.004100044420952981
0.004098495860331236
0.0040982813813267
0.0040979170185959386
0.004097830736392902
0.004097567565763579
0.004097512672321954
0.004096875895402286
0.004055205073990042
0.004037630775104072
0.004000376238588024
0.003996081070693312
0.0039891455071052444
0.0038823628058962554
0.0038739037704817207
0.003866549217142959
0.003861075835403865
0.00384974962052034
0.0038488120072783403
0.0038479342481563795
0.003845143993857159
0.003844848817249354
0.0038394619290228844
0.0038335894679608303
0.003833314065649403
0.003826847082964031
0.003811379794880673
0.003799778630843658
0.0037955949671386597
0.0037954800094002323
0.0037540688053524095
0.0037540688053524095
0.0037540681352875604
0.0037540681352875604
0.003737130975542971
0.003734618929062965
0.0037320691477387455
0.0037296375923427183
0.0037224850116681306
0.0037097739310703935
0.0036878214823014652
0.0036838875546373745
0.003682152592795042
0.00367991254183771
0.003679867732020189
0.0036796493864737476
0.0036792771527706697
0.0036783464321821684
0.003677090827171507
0.003676952304302071
0.0036730141097208176
0.0036719282280524555
0.0036702050913803444
0.0036698257007964125
0.003669768739762719
0.003669702392891719
0.003669584729933138
0.0036678898873747047
0.003667846140260902
0.0036411385957669036
0.0036330293220476063
0.003628801875744971
0.0036271332762292554
0.0035948208043175022
0.003587914601374326
0.0035770398536091696
0.0035677912556098357
0.0035655220114975744
0.003562208398944104
0.0035571440914265087
0.0035526986208020525
0.00353839556476819
0.0035357087819038583
0.003523079745579405
0.003515424234881433
0.0035130002343374354
0.0034982522308080162
0.0034590480250696483
0.0034528641280779614
0.003437111886745382
0.003436895913660297
0.003436619321890102
0.0034363145313631265
0.003436220489276905
0.003436124913428585
0.00343609819472538
0.0034351043935826314
0.0034337806657457276
0.0034335858273468528
0.003421323201106572
0.003387244578820467
0.003374704160003961
0.003371965562303329
0.003339391357954237
0.0033375892597761756
0.0033228194209156538
0.0033200799547687732
0.003316234443136409
0.003316234443136409
0.0033162339812386516
0.0033162339812386516
0.003286152423808285
0.003285486553628731
0.0032825847311865708
0.00328148549400799
0.0032608163642871626
0.003252829992046711
0.0032477800182987276
0.003242048479636787
0.0032222958836091273
0.0031981147007725886
0.0031957257505449087
0.0031929697898294765
0.00319113136289513
0.003190704238410836
0.0031903225227733704
0.003189105485501382
0.003187847988410999
0.003179596559837402
0.0031779445191598994
0.0031778420887893233
0.0031775754910936204
0.0031757071277223486
0.0031747980925166766
0.0031688511018243093
0.0031678134580868686
0.0031673038715229
0.0031659771223379192
0.0031655057820056346
0.003159631134999098
0.003158960983194215
0.0031575617496941853
0.0031509598072154196
0.00314370081889393
0.003140256366292037
0.0031184050358374605
0.0031123131835307507
0.0031011204337604422
0.003098869429310977
0.0030897875266954877
0.0030853844760059556
0.003083416270707067
0.0030823445602538037
0.003081382161451934
0.003079000805360933
0.003070540657294796
0.003069873933347427
0.0030647886808954864
0.003064788316299574
0.003064788316299574
0.003064788316299574
0.0030618604374751403
0.003053079675550508
0.002995280106388857
0.002992257636544473
0.0029910554781953035
0.002990918568180114
0.002988108277547889
0.0029880042071327704
0.0029872655522032252
0.0029856661679199177
0.0029831631233926737
0.0029771125625031366
0.002975802726464313
0.0029752952209293544
0.0029751524588148047
0.002974454287937982
0.0029742436662387414
0.0029691321785430894
0.0029521866103790193
0.0029521012366722304
0.0029343444888758666
0.0029274216478379477
0.002923117577834692
0.002908412412485116
0.002901284681075588
0.0028998277344286314
0.002891393631234116
0.002891175066094871
0.0028910651900222475
0.002890803557890601
0.002889565212186419
0.002888047125623762
0.002887717688501662
0.002887098773704416
0.0028866746049122814
0.0028851485963046625
0.0028850825939155363
0.00287736428944098
0.0028768240726462528
0.002871318053001603
0.0028620594513075626
0.0028615981419921658
0.0028615470970131626
0.0028446190716749998
0.002836011819955688
0.0028236231923363026
0.0028138536782596193
0.0028105847707161355
0.0028102001813399423
0.002804325916654601
0.0027997485459372736
0.0027904982626132543
0.002779661418095734
0.002770557532085876
0.0027700895259948825
0.002768932915677546
0.0027636146388686036
0.0027605145931388344
0.002759803504337711
0.002759787531126552
0.002759783804083856
0.002759770493340347
0.00275959720503641
0.002759517093522172
0.0027590200790185092
0.0027589394858092394
0.0027584605939908915
0.0027584252387409633
0.0027571329145279822
0.002756333990773869
0.0027551860417648327
0.002754755963610349
0.0027542027725972434
0.002751963772490911
0.0027461078195261676
0.0027377006863439266
0.002737700426466774
0.0027376970480705197
0.0027376967881944025
0.002737273288472473
0.0027326065341258827
0.002731845777955262
0.002730253993507582
0.0027174122011172
0.002717241179544959
0.002713724746549672
0.0027094673678413183
0.002708235565528802
0.002708029548118884
0.0027071828300578604
0.0027068127661608256
0.0027060369538777418
0.0027057175332646016
0.0027047511784095975
0.0027038762348501914
0.002703873981583172
0.0027032407864719388
0.0027018028598896904
0.0027017074460011555
0.0027014240114817327
0.0027009350157838103
0.0027001233552632897
0.0027000161530690396
0.002699822224336103
0.0026993261265200307
0.002698933877173381
0.00269712899663726
0.002695217876648146
0.002694573892206069
0.0026938617836185993
0.0026932642959379095
0.0026926538535646505
0.0026917992394889243
0.0026850375848471173
0.0026826848744910103
0.002673225893650588
0.002664902332579823
0.0026591887575229322
0.0026456220637141813
0.0026309496323441315
0.0026296799175996623
0.0026285293372000206
0.0026278970349626987
0.0026269244109318234
0.002612490765561098
0.0025954363582764445
0.0025953779020637413
0.0025867593885630096
0.0025846397367459612
0.0025838668288670737
0.002583839518736601
0.0025835112095182527
0.0025835083703969084
0.0025830605616020763
0.002582733858367748
0.0025818096348342824
0.0025817638638064725
0.0025816324490988657
0.0025815298157477427
0.002580209095821572
0.0025797849624052188
0.002579783440251742
0.0025709565432051797
0.0025702670217769186
0.002561161061872434
0.00256115169981644
0.0025493334109304884
0.002532463891622732
0.00252770974039449
0.0025271380226416997
0.0025269767604397405
0.002524837085858821
0.0025248368820090174
0.00252179564693015
0.002520351731621812
0.0025159894349286696
0.002515746202748063
0.00250713434793454
0.0025055218046597045
0.0025031406942156794
0.0025028809139348717
0.0025016839514701815
0.002501323730731322
0.002499456924623935
0.0024818427633859492
0.002480114643657676
0.0024757240815325198
0.0024669540823016667
0.0024669419128719723
0.002461500499418895
0.002460265141887569
0.002459762660296438
0.002445149243309523
0.002443377607888462
0.0024270284665792075
0.0024267058728036734
0.0024227177720154264
0.002417307492062964
0.0024169681936349846
0.0024161131589337777
0.0024063289763228434
0.0024063289763228434
0.0024063289763228434
0.0024063289763228434
0.0024001700140675788
0.002396484534264412
0.002396484534264412
0.0023964843599496724
0.0023964843599496724
0.002393001836445477
0.002384048602453577
0.0023773440150098688
0.0023758893654151373
0.0023749366892565874
0.0023641735946067968
0.0023549400643941036
0.0023529026006788084
0.002347234919993522
0.0023422465135180255
0.0023382595328734655
0.002329298766802512
0.0023217255950425796
0.002315407318343593
0.0023129892229634
0.002309483961048773
0.002307494586473333
0.0023068961947671435
0.002303517124110147
0.0022939335412804933
0.0022938250036622348
0.002278052561581641
0.002275019163494471
0.002268483028476433
0.002259190940350619
0.0022581206508097153
0.0022577710278037567
0.0022550944680924606
0.0022544492714123413
0.002252456062311171
0.002251723761422703
0.0022490887979429107
0.002249088653854174
0.002249087212968331
0.002249086780703119
0.0022393446571717557
0.0022393078220475384
0.0022238910442134887
0.0022206223492953294
0.002220415873803293
0.0021708048532224464
0.0021692016355360465
0.0021583718089626894
0.0021570394648512846
0.002141515747820988
0.002137883216288851
0.002125540575787962
0.00212348835327454
0.002108733447121004
0.0021068313284269306
0.002099240844822809
0.0020918087851554785
0.0020828605686719244
0.0020828604542285044
0.0020828602253417216
0.0020828602253417216
0.0020624207267140007
0.002061701240070696
0.0020595121059895274
0.002057447616186779
0.0020497212274432214
0.0020493520252555276
0.0020480107956386607
0.0020460580108027
0.0020206698157796475
0.002020654559653629
0.00201214717857325
0.002005840857415732
0.002001858528148713
0.0020016207157820243
0.00200116310712151
0.00200068867097688
0.0020005492249650617
0.001999415774819452
0.001997889320077171
0.001994900560207945
0.0019768583042864174
0.0019768583042864174
0.0019768583042864174
0.0019768583042864174
0.00192270989671507
0.00192270989671507
0.00192270989671507
0.00192270989671507
0.0019227089964897004
0.0019227089964897004
0.0019227089964897004
0.001922708096265595
0.0019162804683073415
0.0019162599704552721
0.001869876378619163
0.001865987667933419
0.0018646355012899808
0.0018613916382734005
0.0018605394692877602
0.0018571505723698454
0.0018543823189553664
0.0018523367717430924
0.0018399144596027467
0.0018399144596027467
0.0018399144596027467
0.0018399144596027467
0.0018390520470742753
0.0018062551885216953
0.0018062186180568297
0.0017955732785610566
0.0017955732785610566
0.0017955732785610566
0.0017955732785610566
0.0017955725453662119
0.0017955725453662119
0.0017955725453662119
0.0017955725453662119
0.001776143192173185
0.0017759849613747656
0.0017759849613747656
0.001775795565766149
0.0017404611572810523
0.0017367312025762312
0.0017170762444639063
0.0017097732708967277
0.0017097732708967277
0.0017097732708967277
0.0017097732708967277
0.0017097720048336279
0.0017097720048336279
0.0017097720048336279
0.0017097675736349274
0.0017003929002305028
0.0017003922775605947
0.0017003922775605947
0.0017003922775605947
0.001689984189641534
0.001689984189641534
0.001689984189641534
0.001689984189641534
0.001689984189641534
0.001689984189641534
0.001689984189641534
0.001689984189641534
0.0016812519865680223
0.0016812519865680223
0.0016812519865680223
0.0016812519865680223
0.0016812507828126775
0.0016812507828126775
0.0016812507828126775
0.0016812507828126775
0.0016777192927970239
0.0016777186947051093
0.001637176854266252
0.001633347167060167
0.0015605950906343207
0.0015605950906343207
0.0015605946092623751
0.0015605946092623751
0.0015605936465198206
0.0015605931651492115
0.0015605931651492115
0.0015605931651492115
0.0015233206588480645
0.0015200838577110313
0.0015028211234729965
0.0015028211234729965
0.0015028211234729965
0.0015028211234729965
0.0015028211234729965
0.0015028211234729965
0.0015028211234729965
0.0015028211234729965
0.001478191962979264
0.0014757138967941873
0.0014612382874641743
0.0014612382874641743
0.001461237892303952
0.001461237892303952
0.0014612355213493525
0.0014612351261913744
0.0014612351261913744
0.0014612351261913744
0.0014408819195011952
0.0014408758575465194
0.0014268937502192824
0.0014250927540295614
0.0014132444446434557
0.0014128024387640337
0.0013981793569783762
0.001398176587566044
0.0013785679172434839
0.0013785679172434839
0.0013785675854295553
0.0013785675854295553
0.0013785659263635074
0.0013785659263635074
0.0013785655945510167
0.0013785655945510167
0.0013263524960374475
0.0013263522005173647
0.0012908026593553786
0.0012908023869663036
0.0012908023869663036
0.0012908021145774014
0.0012907991183108561
0.001290798845924023
0.001290798845924023
0.0012907985735373625
0.0012740298437430345
0.0012740298437430345
0.0012740295818349297
0.0012740295818349297
0.0012740280103896938
0.0012740280103896938
0.0012740274865759077
0.0012740274865759077
0.0012515905591868823
0.0012515888210089226
0.0011929212293446771
0.0011929212293446771
0.0011929210143412155
0.0011929210143412155
0.0011929175743016383
0.0011929175743016383
0.001192917359300153
0.001192917144298784
0.0011095256908209186
0.0011095248258692274
0.0010610845879603995
0.0010610845879603995
0.0008464375590035349
0.0008464375590035349
0.0008167823948990799
0.0008167224984158402
0.0007076803473460138
0.0007076737041468433
0.0007076159880067832
0.0007076044105751321
0.0007031448516297507
0.000703143398657684
0.0006938155456589043
0.0006932505138592454
0.0006931974784033287
0.0006929388045025953
0.0006929384252425717
0.0006926203191068543
0.000692582532599845
0.0006923604410168684
0.0006923600206711677
0.0006921162651048078
0.0006919376661675543
0.0006918907203321993
0.000691805118080952
0.0006916751188096314
0.0006916746578010828
0.0006915774056094957
0.0006823350665350798
0.0006823348653604769
0.0006790488717259052
0.0006790487131003327
0.0006790397112812481
0.0006790395526620951
0.0006746695572236481
0.000674321607798463
0.0006712134092085542
0.0006704428517414619
0.0006694519683906576
0.0006683447040551438
0.000651986271716475
0.0006519858856003662
0.00065198528887682
0.0006519849378637347
0.0006519849378637347
0.000651972512365765
0.0006519719156789371
0.0006519595260226401
0.0006333729362625411
0.0006333729362625411
0.0006326633342392977
0.0006326582989696503
0.0006326560219126634
0.0006326556370603903
0.000632640179408059
0.0006326270316743901
0.000618962444843025
0.0006188900772650318
0.0006188039298922284
0.0006168550077922109
0.0006168217155983616
0.0006150551815814733
0.0006150540028598373
0.0006149788733395274
0.0006149774004868745
0.0006148834543569044
0.0006148819821897189
0.0006136344515349025
0.0006136324030378843
0.0006128472934545011
0.0006127866664694979
0.0006127146952891331
0.0005474674381124405
0.0005474674381124405
0.0005474672302936077
0.0005474672302936077
0.0005472643042912483
0.0005472643042912483
0.0005472640967036586
0.0005472640967036586
0.0005470282223312929
0.0005470282223312929
0.0005470271857383766
0.0005470271857383766
0.0005470259418346555
0.0005470259418346555
0.0005469500797503435
0.0005469500797503435
0.0005469235561963989
0.0005469235561963989
0.000546915268377086
0.000546915268377086
0.0005468769421131078
0.0005468769421131078
0.0005468558143212695
0.0005468558143212695
0.0005444124921157622
0.0005413635077183812
0.0004603255162714981
0.0004603255162714981
0.00046030846878421965
0.00046030846878421965
0.0004455580499186634
0.0004455568176255129
0.00044555614546992213
0.0004455374383598669
0.000445536206237726
0.0004455355341754122
0.00044348918102917416
0.0004434719481183421
0.00044248343434756207
0.0004424737789586101
0.0004404970623522732
0.0004404970623522732
0.0004403529403250813
0.0004403529403250813
0.0004401811958652728
0.0004401811958652728
0.0004112293832931154
0.00040897938470802126
0.0004029787253884369
0.0004029787253884369
0.0003983347745457683
0.0003983347745457683
0.0003983202064597901
0.0003983202064597901
0.00038930629506168517
0.00038930629506168517
0.0003614501216715999
0.00035947302005392376
0.00034362590301817723
0.00034362590301817723
0.00034362580024074787
0.00034362580024074787
0.00034016254708337255
0.00034016254708337255
0.00034016254708337255
0.00034016254708337255
0.0003401613506770418
0.0003401551694454312
0.0003401501349815895
0.0003401501349815895
0.0003387316935926253
0.00033688573056581947
0.0003056687508226772
0.0003056687508226772
0.0003056687508226772
0.0003056687508226772
0.0003025427961487945
0.0003025427961487945
0.0003025427961487945
0.0003025427961487945
0.00030253167867690166
0.00030253167867690166
0.00030253160853901376
0.00030253160853901376
0.00029035942025808226
0.0002903563819116659
0.00026652147066163264
0.00026652147066163264
0.00026652147066163264
0.00026652147066163264
0.00026652147066163264
0.00026652147066163264
0.00026652147066163264
0.00026652147066163264
0.00025492480099676963
0.000254923080491567
0.0002396911894026381
0.0002396911894026381
0.00023969117196183693
0.00023969117196183693
0.00023969113708024594
0.00023969113708024594
0.00023969113708024594
0.00023969113708024594
0.000238955743422284
0.00023895420545002558
